{"/home/travis/build/npmtest/node-npmtest-meanio/test.js":{"path":"/home/travis/build/npmtest/node-npmtest-meanio/test.js","s":{"1":2,"2":2,"3":2,"4":2,"5":2,"6":2,"7":2,"8":1,"9":2,"10":2,"11":1,"12":1,"13":1,"14":1,"15":2,"16":2,"17":2,"18":2,"19":1,"20":1,"21":2,"22":2,"23":2,"24":1,"25":1,"26":1,"27":1,"28":1,"29":1,"30":1,"31":1,"32":1,"33":1,"34":1,"35":1,"36":1,"37":1,"38":1,"39":2,"40":2,"41":1,"42":2,"43":2,"44":1,"45":2,"46":2,"47":1,"48":2,"49":2,"50":1,"51":1,"52":1,"53":1,"54":1},"b":{"1":[2,1,1,1],"2":[1,1,1,1],"3":[1,1],"4":[1,1],"5":[1,1],"6":[1,1],"7":[1,1],"8":[1,1],"9":[1,1],"10":[1,1,1],"11":[1,1],"12":[1,1],"13":[1,1],"14":[1,1],"15":[1,1],"16":[1,1],"17":[1,1]},"f":{"1":2,"2":2,"3":2,"4":2,"5":2,"6":1,"7":1,"8":1,"9":2,"10":2,"11":2,"12":2,"13":1},"fnMap":{"1":{"name":"(anonymous_1)","line":12,"loc":{"start":{"line":12,"column":1},"end":{"line":12,"column":13}}},"2":{"name":"(anonymous_2)","line":19,"loc":{"start":{"line":19,"column":5},"end":{"line":19,"column":17}}},"3":{"name":"(anonymous_3)","line":23,"loc":{"start":{"line":23,"column":24},"end":{"line":23,"column":36}}},"4":{"name":"(anonymous_4)","line":61,"loc":{"start":{"line":61,"column":5},"end":{"line":61,"column":17}}},"5":{"name":"(anonymous_5)","line":82,"loc":{"start":{"line":82,"column":5},"end":{"line":82,"column":17}}},"6":{"name":"(anonymous_6)","line":91,"loc":{"start":{"line":91,"column":77},"end":{"line":94,"column":10}}},"7":{"name":"(anonymous_7)","line":112,"loc":{"start":{"line":112,"column":83},"end":{"line":115,"column":10}},"skip":true},"8":{"name":"(anonymous_8)","line":123,"loc":{"start":{"line":123,"column":77},"end":{"line":126,"column":10}},"skip":true},"9":{"name":"(anonymous_9)","line":139,"loc":{"start":{"line":139,"column":12},"end":{"line":139,"column":40}},"skip":true},"10":{"name":"(anonymous_10)","line":147,"loc":{"start":{"line":147,"column":77},"end":{"line":150,"column":10}},"skip":true},"11":{"name":"(anonymous_11)","line":158,"loc":{"start":{"line":158,"column":83},"end":{"line":161,"column":10}},"skip":true},"12":{"name":"(anonymous_12)","line":169,"loc":{"start":{"line":169,"column":79},"end":{"line":172,"column":10}},"skip":true},"13":{"name":"(anonymous_13)","line":180,"loc":{"start":{"line":180,"column":75},"end":{"line":183,"column":10}},"skip":true}},"statementMap":{"1":{"start":{"line":12,"column":0},"end":{"line":195,"column":5}},"2":{"start":{"line":14,"column":4},"end":{"line":14,"column":14}},"3":{"start":{"line":19,"column":4},"end":{"line":56,"column":9}},"4":{"start":{"line":21,"column":8},"end":{"line":21,"column":19}},"5":{"start":{"line":23,"column":8},"end":{"line":35,"column":13}},"6":{"start":{"line":24,"column":12},"end":{"line":34,"column":13}},"7":{"start":{"line":25,"column":16},"end":{"line":28,"column":30}},"8":{"start":{"line":30,"column":16},"end":{"line":33,"column":27}},"9":{"start":{"line":37,"column":8},"end":{"line":39,"column":21}},"10":{"start":{"line":40,"column":8},"end":{"line":53,"column":9}},"11":{"start":{"line":43,"column":12},"end":{"line":46,"column":14}},"12":{"start":{"line":47,"column":12},"end":{"line":47,"column":18}},"13":{"start":{"line":50,"column":12},"end":{"line":51,"column":46}},"14":{"start":{"line":52,"column":12},"end":{"line":52,"column":18}},"15":{"start":{"line":55,"column":8},"end":{"line":55,"column":35}},"16":{"start":{"line":61,"column":4},"end":{"line":63,"column":9}},"17":{"start":{"line":62,"column":8},"end":{"line":62,"column":15}},"18":{"start":{"line":64,"column":4},"end":{"line":77,"column":5}},"19":{"start":{"line":70,"column":8},"end":{"line":70,"column":14}},"20":{"start":{"line":76,"column":8},"end":{"line":76,"column":14}},"21":{"start":{"line":82,"column":4},"end":{"line":84,"column":9}},"22":{"start":{"line":83,"column":8},"end":{"line":83,"column":15}},"23":{"start":{"line":85,"column":4},"end":{"line":194,"column":5}},"24":{"start":{"line":91,"column":8},"end":{"line":99,"column":10}},"25":{"start":{"line":98,"column":12},"end":{"line":98,"column":35}},"26":{"start":{"line":102,"column":8},"end":{"line":104,"column":63}},"27":{"start":{"line":105,"column":8},"end":{"line":105,"column":14}},"28":{"start":{"line":112,"column":8},"end":{"line":121,"column":10},"skip":true},"29":{"start":{"line":119,"column":12},"end":{"line":119,"column":55},"skip":true},"30":{"start":{"line":120,"column":12},"end":{"line":120,"column":48},"skip":true},"31":{"start":{"line":123,"column":8},"end":{"line":136,"column":10},"skip":true},"32":{"start":{"line":130,"column":12},"end":{"line":130,"column":76},"skip":true},"33":{"start":{"line":131,"column":12},"end":{"line":131,"column":73},"skip":true},"34":{"start":{"line":132,"column":12},"end":{"line":132,"column":74},"skip":true},"35":{"start":{"line":133,"column":12},"end":{"line":133,"column":79},"skip":true},"36":{"start":{"line":134,"column":12},"end":{"line":134,"column":25},"skip":true},"37":{"start":{"line":135,"column":12},"end":{"line":135,"column":45},"skip":true},"38":{"start":{"line":138,"column":8},"end":{"line":145,"column":14},"skip":true},"39":{"start":{"line":143,"column":16},"end":{"line":143,"column":29},"skip":true},"40":{"start":{"line":144,"column":16},"end":{"line":144,"column":55},"skip":true},"41":{"start":{"line":147,"column":8},"end":{"line":156,"column":10},"skip":true},"42":{"start":{"line":154,"column":12},"end":{"line":154,"column":25},"skip":true},"43":{"start":{"line":155,"column":12},"end":{"line":155,"column":45},"skip":true},"44":{"start":{"line":158,"column":8},"end":{"line":167,"column":10},"skip":true},"45":{"start":{"line":165,"column":12},"end":{"line":165,"column":25},"skip":true},"46":{"start":{"line":166,"column":12},"end":{"line":166,"column":48},"skip":true},"47":{"start":{"line":169,"column":8},"end":{"line":178,"column":10},"skip":true},"48":{"start":{"line":176,"column":12},"end":{"line":176,"column":25},"skip":true},"49":{"start":{"line":177,"column":12},"end":{"line":177,"column":46},"skip":true},"50":{"start":{"line":180,"column":8},"end":{"line":189,"column":10},"skip":true},"51":{"start":{"line":187,"column":12},"end":{"line":187,"column":94},"skip":true},"52":{"start":{"line":188,"column":12},"end":{"line":188,"column":48},"skip":true},"53":{"start":{"line":192,"column":8},"end":{"line":192,"column":35},"skip":true},"54":{"start":{"line":193,"column":8},"end":{"line":193,"column":14},"skip":true}},"branchMap":{"1":{"line":25,"type":"binary-expr","locations":[{"start":{"line":25,"column":23},"end":{"line":25,"column":62}},{"start":{"line":26,"column":20},"end":{"line":26,"column":70}},{"start":{"line":27,"column":20},"end":{"line":27,"column":71}},{"start":{"line":28,"column":20},"end":{"line":28,"column":29}}]},"2":{"line":30,"type":"binary-expr","locations":[{"start":{"line":30,"column":23},"end":{"line":30,"column":37}},{"start":{"line":31,"column":20},"end":{"line":31,"column":61}},{"start":{"line":32,"column":20},"end":{"line":32,"column":70}},{"start":{"line":33,"column":20},"end":{"line":33,"column":26}}]},"3":{"line":37,"type":"cond-expr","locations":[{"start":{"line":38,"column":14},"end":{"line":38,"column":20}},{"start":{"line":39,"column":14},"end":{"line":39,"column":20}}]},"4":{"line":40,"type":"switch","locations":[{"start":{"line":42,"column":8},"end":{"line":47,"column":18}},{"start":{"line":49,"column":8},"end":{"line":52,"column":18}}]},"5":{"line":44,"type":"binary-expr","locations":[{"start":{"line":44,"column":16},"end":{"line":44,"column":44}},{"start":{"line":44,"column":48},"end":{"line":44,"column":66}}]},"6":{"line":50,"type":"binary-expr","locations":[{"start":{"line":50,"column":21},"end":{"line":50,"column":49}},{"start":{"line":50,"column":53},"end":{"line":50,"column":72}}]},"7":{"line":64,"type":"switch","locations":[{"start":{"line":69,"column":4},"end":{"line":70,"column":14}},{"start":{"line":75,"column":4},"end":{"line":76,"column":14}}]},"8":{"line":85,"type":"switch","locations":[{"start":{"line":90,"column":4},"end":{"line":105,"column":14}},{"start":{"line":111,"column":4},"end":{"line":193,"column":14},"skip":true}]},"9":{"line":91,"type":"binary-expr","locations":[{"start":{"line":91,"column":42},"end":{"line":91,"column":73}},{"start":{"line":91,"column":77},"end":{"line":99,"column":9}}]},"10":{"line":102,"type":"binary-expr","locations":[{"start":{"line":102,"column":18},"end":{"line":102,"column":32}},{"start":{"line":103,"column":12},"end":{"line":103,"column":53}},{"start":{"line":104,"column":12},"end":{"line":104,"column":61}}]},"11":{"line":112,"type":"binary-expr","locations":[{"start":{"line":112,"column":45},"end":{"line":112,"column":79},"skip":true},{"start":{"line":112,"column":83},"end":{"line":121,"column":9},"skip":true}]},"12":{"line":123,"type":"binary-expr","locations":[{"start":{"line":123,"column":42},"end":{"line":123,"column":73},"skip":true},{"start":{"line":123,"column":77},"end":{"line":136,"column":9},"skip":true}]},"13":{"line":138,"type":"binary-expr","locations":[{"start":{"line":138,"column":48},"end":{"line":138,"column":85},"skip":true},{"start":{"line":139,"column":12},"end":{"line":145,"column":13},"skip":true}]},"14":{"line":147,"type":"binary-expr","locations":[{"start":{"line":147,"column":42},"end":{"line":147,"column":73},"skip":true},{"start":{"line":147,"column":77},"end":{"line":156,"column":9},"skip":true}]},"15":{"line":158,"type":"binary-expr","locations":[{"start":{"line":158,"column":45},"end":{"line":158,"column":79},"skip":true},{"start":{"line":158,"column":83},"end":{"line":167,"column":9},"skip":true}]},"16":{"line":169,"type":"binary-expr","locations":[{"start":{"line":169,"column":43},"end":{"line":169,"column":75},"skip":true},{"start":{"line":169,"column":79},"end":{"line":178,"column":9},"skip":true}]},"17":{"line":180,"type":"binary-expr","locations":[{"start":{"line":180,"column":41},"end":{"line":180,"column":71},"skip":true},{"start":{"line":180,"column":75},"end":{"line":189,"column":9},"skip":true}]}},"code":["/* istanbul instrument in package npmtest_meanio */","/*jslint","    bitwise: true,","    browser: true,","    maxerr: 8,","    maxlen: 96,","    node: true,","    nomen: true,","    regexp: true,","    stupid: true","*/","(function () {","    'use strict';","    var local;","","","","    // run shared js-env code - pre-init","    (function () {","        // init local","        local = {};","        // init modeJs","        local.modeJs = (function () {","            try {","                return typeof navigator.userAgent === 'string' &&","                    typeof document.querySelector('body') === 'object' &&","                    typeof XMLHttpRequest.prototype.open === 'function' &&","                    'browser';","            } catch (errorCaughtBrowser) {","                return module.exports &&","                    typeof process.versions.node === 'string' &&","                    typeof require('http').createServer === 'function' &&","                    'node';","            }","        }());","        // init global","        local.global = local.modeJs === 'browser'","            ? window","            : global;","        switch (local.modeJs) {","        // re-init local from window.local","        case 'browser':","            local = local.global.utility2.objectSetDefault(","                local.global.utility2_rollup || local.global.local,","                local.global.utility2","            );","            break;","        // re-init local from example.js","        case 'node':","            local = (local.global.utility2_rollup || require('utility2'))","                .requireExampleJsFromReadme();","            break;","        }","        // export local","        local.global.local = local;","    }());","","","","    // run shared js-env code - function","    (function () {","        return;","    }());","    switch (local.modeJs) {","","","","    // run browser js-env code - function","    case 'browser':","        break;","","","","    // run node js-env code - function","    case 'node':","        break;","    }","","","","    // run shared js-env code - post-init","    (function () {","        return;","    }());","    switch (local.modeJs) {","","","","    // run browser js-env code - post-init","    case 'browser':","        local.testCase_browser_nullCase = local.testCase_browser_nullCase || function (","            options,","            onError","        ) {","        /*","         * this function will test browsers's null-case handling-behavior-behavior","         */","            onError(null, options);","        };","","        // run tests","        local.nop(local.modeTest &&","            document.querySelector('#testRunButton1') &&","            document.querySelector('#testRunButton1').click());","        break;","","","","    // run node js-env code - post-init","    /* istanbul ignore next */","    case 'node':","        local.testCase_buildApidoc_default = local.testCase_buildApidoc_default || function (","            options,","            onError","        ) {","        /*","         * this function will test buildApidoc's default handling-behavior-behavior","         */","            options = { modulePathList: module.paths };","            local.buildApidoc(options, onError);","        };","","        local.testCase_buildApp_default = local.testCase_buildApp_default || function (","            options,","            onError","        ) {","        /*","         * this function will test buildApp's default handling-behavior-behavior","         */","            local.testCase_buildReadme_default(options, local.onErrorThrow);","            local.testCase_buildLib_default(options, local.onErrorThrow);","            local.testCase_buildTest_default(options, local.onErrorThrow);","            local.testCase_buildCustomOrg_default(options, local.onErrorThrow);","            options = [];","            local.buildApp(options, onError);","        };","","        local.testCase_buildCustomOrg_default = local.testCase_buildCustomOrg_default ||","            function (options, onError) {","            /*","             * this function will test buildCustomOrg's default handling-behavior","             */","                options = {};","                local.buildCustomOrg(options, onError);","            };","","        local.testCase_buildLib_default = local.testCase_buildLib_default || function (","            options,","            onError","        ) {","        /*","         * this function will test buildLib's default handling-behavior","         */","            options = {};","            local.buildLib(options, onError);","        };","","        local.testCase_buildReadme_default = local.testCase_buildReadme_default || function (","            options,","            onError","        ) {","        /*","         * this function will test buildReadme's default handling-behavior-behavior","         */","            options = {};","            local.buildReadme(options, onError);","        };","","        local.testCase_buildTest_default = local.testCase_buildTest_default || function (","            options,","            onError","        ) {","        /*","         * this function will test buildTest's default handling-behavior","         */","            options = {};","            local.buildTest(options, onError);","        };","","        local.testCase_webpage_default = local.testCase_webpage_default || function (","            options,","            onError","        ) {","        /*","         * this function will test webpage's default handling-behavior","         */","            options = { modeCoverageMerge: true, url: local.serverLocalHost + '?modeTest=1' };","            local.browserTest(options, onError);","        };","","        // run test-server","        local.testRunServer(local);","        break;","    }","}());",""],"l":{"12":2,"14":2,"19":2,"21":2,"23":2,"24":2,"25":2,"30":1,"37":2,"40":2,"43":1,"47":1,"50":1,"52":1,"55":2,"61":2,"62":2,"64":2,"70":1,"76":1,"82":2,"83":2,"85":2,"91":1,"98":1,"102":1,"105":1,"112":1,"119":1,"120":1,"123":1,"130":1,"131":1,"132":1,"133":1,"134":1,"135":1,"138":1,"143":2,"144":2,"147":1,"154":2,"155":2,"158":1,"165":2,"166":2,"169":1,"176":2,"177":2,"180":1,"187":1,"188":1,"192":1,"193":1}},"/home/travis/build/npmtest/node-npmtest-meanio/lib.npmtest_meanio.js":{"path":"/home/travis/build/npmtest/node-npmtest-meanio/lib.npmtest_meanio.js","s":{"1":2,"2":2,"3":2,"4":2,"5":2,"6":2,"7":2,"8":1,"9":2,"10":2,"11":2,"12":2,"13":1,"14":1,"15":1,"16":1},"b":{"1":[2,1,1,1],"2":[1,1,1,1],"3":[1,1],"4":[2,2],"5":[1,1]},"f":{"1":2,"2":2,"3":2},"fnMap":{"1":{"name":"(anonymous_1)","line":12,"loc":{"start":{"line":12,"column":1},"end":{"line":12,"column":13}}},"2":{"name":"(anonymous_2)","line":19,"loc":{"start":{"line":19,"column":5},"end":{"line":19,"column":17}}},"3":{"name":"(anonymous_3)","line":23,"loc":{"start":{"line":23,"column":24},"end":{"line":23,"column":36}}}},"statementMap":{"1":{"start":{"line":12,"column":0},"end":{"line":53,"column":5}},"2":{"start":{"line":14,"column":4},"end":{"line":14,"column":14}},"3":{"start":{"line":19,"column":4},"end":{"line":52,"column":9}},"4":{"start":{"line":21,"column":8},"end":{"line":21,"column":19}},"5":{"start":{"line":23,"column":8},"end":{"line":35,"column":13}},"6":{"start":{"line":24,"column":12},"end":{"line":34,"column":13}},"7":{"start":{"line":25,"column":16},"end":{"line":28,"column":30}},"8":{"start":{"line":30,"column":16},"end":{"line":33,"column":27}},"9":{"start":{"line":37,"column":8},"end":{"line":39,"column":21}},"10":{"start":{"line":41,"column":8},"end":{"line":41,"column":54}},"11":{"start":{"line":43,"column":8},"end":{"line":43,"column":51}},"12":{"start":{"line":45,"column":8},"end":{"line":51,"column":9}},"13":{"start":{"line":46,"column":12},"end":{"line":46,"column":57}},"14":{"start":{"line":48,"column":12},"end":{"line":48,"column":35}},"15":{"start":{"line":49,"column":12},"end":{"line":49,"column":49}},"16":{"start":{"line":50,"column":12},"end":{"line":50,"column":43}}},"branchMap":{"1":{"line":25,"type":"binary-expr","locations":[{"start":{"line":25,"column":23},"end":{"line":25,"column":62}},{"start":{"line":26,"column":20},"end":{"line":26,"column":70}},{"start":{"line":27,"column":20},"end":{"line":27,"column":71}},{"start":{"line":28,"column":20},"end":{"line":28,"column":29}}]},"2":{"line":30,"type":"binary-expr","locations":[{"start":{"line":30,"column":23},"end":{"line":30,"column":37}},{"start":{"line":31,"column":20},"end":{"line":31,"column":61}},{"start":{"line":32,"column":20},"end":{"line":32,"column":70}},{"start":{"line":33,"column":20},"end":{"line":33,"column":26}}]},"3":{"line":37,"type":"cond-expr","locations":[{"start":{"line":38,"column":14},"end":{"line":38,"column":20}},{"start":{"line":39,"column":14},"end":{"line":39,"column":20}}]},"4":{"line":41,"type":"binary-expr","locations":[{"start":{"line":41,"column":16},"end":{"line":41,"column":44}},{"start":{"line":41,"column":48},"end":{"line":41,"column":53}}]},"5":{"line":45,"type":"if","locations":[{"start":{"line":45,"column":8},"end":{"line":45,"column":8}},{"start":{"line":45,"column":8},"end":{"line":45,"column":8}}]}},"code":["/* istanbul instrument in package npmtest_meanio */","/*jslint","    bitwise: true,","    browser: true,","    maxerr: 8,","    maxlen: 96,","    node: true,","    nomen: true,","    regexp: true,","    stupid: true","*/","(function () {","    'use strict';","    var local;","","","","    // run shared js-env code - pre-init","    (function () {","        // init local","        local = {};","        // init modeJs","        local.modeJs = (function () {","            try {","                return typeof navigator.userAgent === 'string' &&","                    typeof document.querySelector('body') === 'object' &&","                    typeof XMLHttpRequest.prototype.open === 'function' &&","                    'browser';","            } catch (errorCaughtBrowser) {","                return module.exports &&","                    typeof process.versions.node === 'string' &&","                    typeof require('http').createServer === 'function' &&","                    'node';","            }","        }());","        // init global","        local.global = local.modeJs === 'browser'","            ? window","            : global;","        // init utility2_rollup","        local = local.global.utility2_rollup || local;","        // init lib","        local.local = local.npmtest_meanio = local;","        // init exports","        if (local.modeJs === 'browser') {","            local.global.utility2_npmtest_meanio = local;","        } else {","            module.exports = local;","            module.exports.__dirname = __dirname;","            module.exports.module = module;","        }","    }());","}());",""],"l":{"12":2,"14":2,"19":2,"21":2,"23":2,"24":2,"25":2,"30":1,"37":2,"41":2,"43":2,"45":2,"46":1,"48":1,"49":1,"50":1}},"/home/travis/build/npmtest/node-npmtest-meanio/example.js":{"path":"/home/travis/build/npmtest/node-npmtest-meanio/example.js","s":{"1":2,"2":2,"3":2,"4":2,"5":2,"6":2,"7":2,"8":1,"9":2,"10":2,"11":2,"12":2,"13":1,"14":2,"15":2,"16":2,"17":2,"18":2,"19":0,"20":2,"21":1,"22":1,"23":1,"24":1,"25":1,"26":0,"27":0,"28":1,"29":1,"30":2,"31":0,"32":0,"33":0,"34":1,"35":2,"36":2,"37":3,"38":3,"39":3,"40":3,"41":0,"42":3,"43":3,"44":3,"45":1,"46":3,"47":1,"48":1,"49":1,"50":1,"51":1,"52":1,"53":1,"54":1,"55":1,"56":1,"57":0,"58":1,"59":6,"60":6,"61":1,"62":2,"63":0,"64":2,"65":1,"66":1,"67":0,"68":0,"69":0,"70":0,"71":0,"72":0,"73":0,"74":0,"75":0,"76":0,"77":0,"78":0,"79":0,"80":0,"81":0,"82":0,"83":0},"b":{"1":[2,1,1,1],"2":[1,1,1,1],"3":[1,1],"4":[2,2],"5":[1,1],"6":[1,1],"7":[2,0],"8":[2,1,1,1,1,1],"9":[0,2,0],"10":[1,1],"11":[2,1,1],"12":[1,0],"13":[0,2],"14":[2,0,0,0,0,0,0],"15":[0,3],"16":[3,0],"17":[1,1],"18":[0,1],"19":[1,2,0,2],"20":[1,0],"21":[1,1],"22":[0,0],"23":[0,0],"24":[0,0],"25":[0,0],"26":[0,0],"27":[0,0],"28":[0,0]},"f":{"1":2,"2":2,"3":2,"4":2,"5":2,"6":2,"7":3,"8":3,"9":3,"10":1,"11":6,"12":0},"fnMap":{"1":{"name":"(anonymous_1)","line":26,"loc":{"start":{"line":26,"column":1},"end":{"line":26,"column":13}}},"2":{"name":"(anonymous_2)","line":33,"loc":{"start":{"line":33,"column":5},"end":{"line":33,"column":17}}},"3":{"name":"(anonymous_3)","line":37,"loc":{"start":{"line":37,"column":24},"end":{"line":37,"column":36}}},"4":{"name":"(anonymous_4)","line":69,"loc":{"start":{"line":69,"column":31},"end":{"line":69,"column":48}},"skip":true},"5":{"name":"(anonymous_5)","line":78,"loc":{"start":{"line":78,"column":26},"end":{"line":78,"column":45}},"skip":true},"6":{"name":"(anonymous_6)","line":123,"loc":{"start":{"line":123,"column":33},"end":{"line":123,"column":48}},"skip":true},"7":{"name":"(anonymous_7)","line":125,"loc":{"start":{"line":125,"column":27},"end":{"line":125,"column":39}},"skip":true},"8":{"name":"(anonymous_8)","line":133,"loc":{"start":{"line":133,"column":59},"end":{"line":133,"column":74}},"skip":true},"9":{"name":"(anonymous_9)","line":143,"loc":{"start":{"line":143,"column":45},"end":{"line":143,"column":62}},"skip":true},"10":{"name":"(anonymous_10)","line":144,"loc":{"start":{"line":144,"column":73},"end":{"line":144,"column":92}},"skip":true},"11":{"name":"(anonymous_11)","line":272,"loc":{"start":{"line":272,"column":51},"end":{"line":272,"column":77}},"skip":true},"12":{"name":"(anonymous_12)","line":315,"loc":{"start":{"line":315,"column":32},"end":{"line":315,"column":61}},"skip":true}},"statementMap":{"1":{"start":{"line":26,"column":0},"end":{"line":326,"column":5}},"2":{"start":{"line":28,"column":4},"end":{"line":28,"column":14}},"3":{"start":{"line":33,"column":4},"end":{"line":60,"column":9}},"4":{"start":{"line":35,"column":8},"end":{"line":35,"column":19}},"5":{"start":{"line":37,"column":8},"end":{"line":49,"column":13}},"6":{"start":{"line":38,"column":12},"end":{"line":48,"column":13}},"7":{"start":{"line":39,"column":16},"end":{"line":42,"column":30}},"8":{"start":{"line":44,"column":16},"end":{"line":47,"column":27}},"9":{"start":{"line":51,"column":8},"end":{"line":53,"column":21}},"10":{"start":{"line":55,"column":8},"end":{"line":57,"column":45}},"11":{"start":{"line":59,"column":8},"end":{"line":59,"column":35}},"12":{"start":{"line":61,"column":4},"end":{"line":325,"column":5}},"13":{"start":{"line":69,"column":8},"end":{"line":121,"column":10},"skip":true},"14":{"start":{"line":70,"column":12},"end":{"line":88,"column":13},"skip":true},"15":{"start":{"line":76,"column":16},"end":{"line":87,"column":19},"skip":true},"16":{"start":{"line":79,"column":20},"end":{"line":86,"column":21},"skip":true},"17":{"start":{"line":82,"column":24},"end":{"line":82,"column":43},"skip":true},"18":{"start":{"line":83,"column":24},"end":{"line":83,"column":30},"skip":true},"19":{"start":{"line":85,"column":24},"end":{"line":85,"column":49},"skip":true},"20":{"start":{"line":89,"column":12},"end":{"line":107,"column":13},"skip":true},"21":{"start":{"line":92,"column":16},"end":{"line":102,"column":17},"skip":true},"22":{"start":{"line":93,"column":20},"end":{"line":93,"column":86},"skip":true},"23":{"start":{"line":94,"column":20},"end":{"line":95,"column":45},"skip":true},"24":{"start":{"line":96,"column":20},"end":{"line":96,"column":42},"skip":true},"25":{"start":{"line":97,"column":20},"end":{"line":97,"column":48},"skip":true},"26":{"start":{"line":100,"column":20},"end":{"line":100,"column":85},"skip":true},"27":{"start":{"line":101,"column":20},"end":{"line":101,"column":96},"skip":true},"28":{"start":{"line":103,"column":16},"end":{"line":103,"column":22},"skip":true},"29":{"start":{"line":106,"column":16},"end":{"line":106,"column":22},"skip":true},"30":{"start":{"line":108,"column":12},"end":{"line":120,"column":13},"skip":true},"31":{"start":{"line":114,"column":16},"end":{"line":119,"column":17},"skip":true},"32":{"start":{"line":116,"column":20},"end":{"line":116,"column":78},"skip":true},"33":{"start":{"line":118,"column":20},"end":{"line":118,"column":47},"skip":true},"34":{"start":{"line":123,"column":8},"end":{"line":141,"column":11},"skip":true},"35":{"start":{"line":124,"column":12},"end":{"line":124,"column":54},"skip":true},"36":{"start":{"line":125,"column":12},"end":{"line":140,"column":14},"skip":true},"37":{"start":{"line":126,"column":16},"end":{"line":126,"column":28},"skip":true},"38":{"start":{"line":127,"column":16},"end":{"line":127,"column":69},"skip":true},"39":{"start":{"line":128,"column":16},"end":{"line":128,"column":75},"skip":true},"40":{"start":{"line":129,"column":16},"end":{"line":131,"column":17},"skip":true},"41":{"start":{"line":130,"column":20},"end":{"line":130,"column":27},"skip":true},"42":{"start":{"line":133,"column":16},"end":{"line":137,"column":36},"skip":true},"43":{"start":{"line":134,"column":20},"end":{"line":136,"column":55},"skip":true},"44":{"start":{"line":139,"column":16},"end":{"line":139,"column":57},"skip":true},"45":{"start":{"line":143,"column":8},"end":{"line":147,"column":11},"skip":true},"46":{"start":{"line":144,"column":12},"end":{"line":146,"column":15},"skip":true},"47":{"start":{"line":145,"column":16},"end":{"line":145,"column":70},"skip":true},"48":{"start":{"line":149,"column":8},"end":{"line":149,"column":31},"skip":true},"49":{"start":{"line":150,"column":8},"end":{"line":150,"column":14},"skip":true},"50":{"start":{"line":158,"column":8},"end":{"line":158,"column":31},"skip":true},"51":{"start":{"line":160,"column":8},"end":{"line":160,"column":33},"skip":true},"52":{"start":{"line":161,"column":8},"end":{"line":161,"column":37},"skip":true},"53":{"start":{"line":162,"column":8},"end":{"line":162,"column":35},"skip":true},"54":{"start":{"line":164,"column":8},"end":{"line":164,"column":50},"skip":true},"55":{"start":{"line":166,"column":8},"end":{"line":256,"column":2},"skip":true},"56":{"start":{"line":258,"column":8},"end":{"line":286,"column":9},"skip":true},"57":{"start":{"line":259,"column":12},"end":{"line":269,"column":14},"skip":true},"58":{"start":{"line":271,"column":12},"end":{"line":285,"column":19},"skip":true},"59":{"start":{"line":274,"column":20},"end":{"line":274,"column":35},"skip":true},"60":{"start":{"line":275,"column":20},"end":{"line":284,"column":21},"skip":true},"61":{"start":{"line":277,"column":24},"end":{"line":277,"column":64},"skip":true},"62":{"start":{"line":279,"column":24},"end":{"line":279,"column":40},"skip":true},"63":{"start":{"line":281,"column":24},"end":{"line":281,"column":40},"skip":true},"64":{"start":{"line":283,"column":24},"end":{"line":283,"column":39},"skip":true},"65":{"start":{"line":288,"column":8},"end":{"line":290,"column":9},"skip":true},"66":{"start":{"line":289,"column":12},"end":{"line":289,"column":18},"skip":true},"67":{"start":{"line":291,"column":8},"end":{"line":293,"column":54},"skip":true},"68":{"start":{"line":296,"column":8},"end":{"line":301,"column":37},"skip":true},"69":{"start":{"line":303,"column":8},"end":{"line":303,"column":82},"skip":true},"70":{"start":{"line":306,"column":8},"end":{"line":308,"column":9},"skip":true},"71":{"start":{"line":307,"column":12},"end":{"line":307,"column":82},"skip":true},"72":{"start":{"line":310,"column":8},"end":{"line":312,"column":9},"skip":true},"73":{"start":{"line":311,"column":12},"end":{"line":311,"column":18},"skip":true},"74":{"start":{"line":313,"column":8},"end":{"line":313,"column":54},"skip":true},"75":{"start":{"line":314,"column":8},"end":{"line":314,"column":69},"skip":true},"76":{"start":{"line":315,"column":8},"end":{"line":323,"column":36},"skip":true},"77":{"start":{"line":316,"column":12},"end":{"line":316,"column":61},"skip":true},"78":{"start":{"line":317,"column":12},"end":{"line":320,"column":13},"skip":true},"79":{"start":{"line":318,"column":16},"end":{"line":318,"column":75},"skip":true},"80":{"start":{"line":319,"column":16},"end":{"line":319,"column":23},"skip":true},"81":{"start":{"line":321,"column":12},"end":{"line":321,"column":38},"skip":true},"82":{"start":{"line":322,"column":12},"end":{"line":322,"column":27},"skip":true},"83":{"start":{"line":324,"column":8},"end":{"line":324,"column":14},"skip":true}},"branchMap":{"1":{"line":39,"type":"binary-expr","locations":[{"start":{"line":39,"column":23},"end":{"line":39,"column":62}},{"start":{"line":40,"column":20},"end":{"line":40,"column":70}},{"start":{"line":41,"column":20},"end":{"line":41,"column":71}},{"start":{"line":42,"column":20},"end":{"line":42,"column":29}}]},"2":{"line":44,"type":"binary-expr","locations":[{"start":{"line":44,"column":23},"end":{"line":44,"column":37}},{"start":{"line":45,"column":20},"end":{"line":45,"column":61}},{"start":{"line":46,"column":20},"end":{"line":46,"column":70}},{"start":{"line":47,"column":20},"end":{"line":47,"column":26}}]},"3":{"line":51,"type":"cond-expr","locations":[{"start":{"line":52,"column":14},"end":{"line":52,"column":20}},{"start":{"line":53,"column":14},"end":{"line":53,"column":20}}]},"4":{"line":55,"type":"binary-expr","locations":[{"start":{"line":55,"column":16},"end":{"line":55,"column":44}},{"start":{"line":55,"column":49},"end":{"line":57,"column":43}}]},"5":{"line":55,"type":"cond-expr","locations":[{"start":{"line":56,"column":14},"end":{"line":56,"column":50}},{"start":{"line":57,"column":14},"end":{"line":57,"column":43}}]},"6":{"line":61,"type":"switch","locations":[{"start":{"line":68,"column":4},"end":{"line":150,"column":14},"skip":true},{"start":{"line":156,"column":4},"end":{"line":324,"column":14},"skip":true}]},"7":{"line":70,"type":"if","locations":[{"start":{"line":70,"column":12},"end":{"line":70,"column":12},"skip":true},{"start":{"line":70,"column":12},"end":{"line":70,"column":12},"skip":true}]},"8":{"line":70,"type":"binary-expr","locations":[{"start":{"line":70,"column":16},"end":{"line":70,"column":22},"skip":true},{"start":{"line":70,"column":27},"end":{"line":70,"column":32},"skip":true},{"start":{"line":71,"column":20},"end":{"line":71,"column":39},"skip":true},{"start":{"line":72,"column":20},"end":{"line":72,"column":49},"skip":true},{"start":{"line":73,"column":20},"end":{"line":73,"column":58},"skip":true},{"start":{"line":74,"column":20},"end":{"line":74,"column":69},"skip":true}]},"9":{"line":79,"type":"switch","locations":[{"start":{"line":80,"column":20},"end":{"line":80,"column":33},"skip":true},{"start":{"line":81,"column":20},"end":{"line":83,"column":30},"skip":true},{"start":{"line":84,"column":20},"end":{"line":85,"column":49},"skip":true}]},"10":{"line":89,"type":"switch","locations":[{"start":{"line":90,"column":12},"end":{"line":103,"column":22},"skip":true},{"start":{"line":105,"column":12},"end":{"line":106,"column":22},"skip":true}]},"11":{"line":89,"type":"binary-expr","locations":[{"start":{"line":89,"column":20},"end":{"line":89,"column":25},"skip":true},{"start":{"line":89,"column":29},"end":{"line":89,"column":48},"skip":true},{"start":{"line":89,"column":52},"end":{"line":89,"column":74},"skip":true}]},"12":{"line":92,"type":"if","locations":[{"start":{"line":92,"column":16},"end":{"line":92,"column":16},"skip":true},{"start":{"line":92,"column":16},"end":{"line":92,"column":16},"skip":true}]},"13":{"line":108,"type":"if","locations":[{"start":{"line":108,"column":12},"end":{"line":108,"column":12},"skip":true},{"start":{"line":108,"column":12},"end":{"line":108,"column":12},"skip":true}]},"14":{"line":108,"type":"binary-expr","locations":[{"start":{"line":108,"column":16},"end":{"line":108,"column":61},"skip":true},{"start":{"line":108,"column":66},"end":{"line":108,"column":72},"skip":true},{"start":{"line":108,"column":77},"end":{"line":108,"column":82},"skip":true},{"start":{"line":109,"column":20},"end":{"line":109,"column":39},"skip":true},{"start":{"line":110,"column":20},"end":{"line":110,"column":49},"skip":true},{"start":{"line":111,"column":20},"end":{"line":111,"column":58},"skip":true},{"start":{"line":112,"column":20},"end":{"line":112,"column":68},"skip":true}]},"15":{"line":129,"type":"if","locations":[{"start":{"line":129,"column":16},"end":{"line":129,"column":16},"skip":true},{"start":{"line":129,"column":16},"end":{"line":129,"column":16},"skip":true}]},"16":{"line":134,"type":"cond-expr","locations":[{"start":{"line":135,"column":26},"end":{"line":135,"column":29},"skip":true},{"start":{"line":136,"column":26},"end":{"line":136,"column":54},"skip":true}]},"17":{"line":164,"type":"binary-expr","locations":[{"start":{"line":164,"column":27},"end":{"line":164,"column":43},"skip":true},{"start":{"line":164,"column":47},"end":{"line":164,"column":49},"skip":true}]},"18":{"line":258,"type":"if","locations":[{"start":{"line":258,"column":8},"end":{"line":258,"column":8},"skip":true},{"start":{"line":258,"column":8},"end":{"line":258,"column":8},"skip":true}]},"19":{"line":275,"type":"switch","locations":[{"start":{"line":276,"column":20},"end":{"line":277,"column":64},"skip":true},{"start":{"line":278,"column":20},"end":{"line":279,"column":40},"skip":true},{"start":{"line":280,"column":20},"end":{"line":281,"column":40},"skip":true},{"start":{"line":282,"column":20},"end":{"line":283,"column":39},"skip":true}]},"20":{"line":288,"type":"if","locations":[{"start":{"line":288,"column":8},"end":{"line":288,"column":8},"skip":true},{"start":{"line":288,"column":8},"end":{"line":288,"column":8},"skip":true}]},"21":{"line":288,"type":"binary-expr","locations":[{"start":{"line":288,"column":12},"end":{"line":288,"column":40},"skip":true},{"start":{"line":288,"column":44},"end":{"line":288,"column":67},"skip":true}]},"22":{"line":292,"type":"binary-expr","locations":[{"start":{"line":292,"column":12},"end":{"line":292,"column":50},"skip":true},{"start":{"line":293,"column":12},"end":{"line":293,"column":53},"skip":true}]},"23":{"line":297,"type":"binary-expr","locations":[{"start":{"line":297,"column":12},"end":{"line":297,"column":64},"skip":true},{"start":{"line":298,"column":12},"end":{"line":301,"column":36},"skip":true}]},"24":{"line":303,"type":"binary-expr","locations":[{"start":{"line":303,"column":43},"end":{"line":303,"column":75},"skip":true},{"start":{"line":303,"column":79},"end":{"line":303,"column":81},"skip":true}]},"25":{"line":306,"type":"if","locations":[{"start":{"line":306,"column":8},"end":{"line":306,"column":8},"skip":true},{"start":{"line":306,"column":8},"end":{"line":306,"column":8},"skip":true}]},"26":{"line":310,"type":"if","locations":[{"start":{"line":310,"column":8},"end":{"line":310,"column":8},"skip":true},{"start":{"line":310,"column":8},"end":{"line":310,"column":8},"skip":true}]},"27":{"line":313,"type":"binary-expr","locations":[{"start":{"line":313,"column":27},"end":{"line":313,"column":43},"skip":true},{"start":{"line":313,"column":47},"end":{"line":313,"column":53},"skip":true}]},"28":{"line":317,"type":"if","locations":[{"start":{"line":317,"column":12},"end":{"line":317,"column":12},"skip":true},{"start":{"line":317,"column":12},"end":{"line":317,"column":12},"skip":true}]}},"code":["/*","example.js","","quickstart example","","instruction","    1. save this script as example.js","    2. run the shell command:","        $ npm install npmtest-meanio && PORT=8081 node example.js","    3. play with the browser-demo on http://127.0.0.1:8081","*/","","","","/* istanbul instrument in package npmtest_meanio */","/*jslint","    bitwise: true,","    browser: true,","    maxerr: 8,","    maxlen: 96,","    node: true,","    nomen: true,","    regexp: true,","    stupid: true","*/","(function () {","    'use strict';","    var local;","","","","    // run shared js-env code - pre-init","    (function () {","        // init local","        local = {};","        // init modeJs","        local.modeJs = (function () {","            try {","                return typeof navigator.userAgent === 'string' &&","                    typeof document.querySelector('body') === 'object' &&","                    typeof XMLHttpRequest.prototype.open === 'function' &&","                    'browser';","            } catch (errorCaughtBrowser) {","                return module.exports &&","                    typeof process.versions.node === 'string' &&","                    typeof require('http').createServer === 'function' &&","                    'node';","            }","        }());","        // init global","        local.global = local.modeJs === 'browser'","            ? window","            : global;","        // init utility2_rollup","        local = local.global.utility2_rollup || (local.modeJs === 'browser'","            ? local.global.utility2_npmtest_meanio","            : global.utility2_moduleExports);","        // export local","        local.global.local = local;","    }());","    switch (local.modeJs) {","","","","    // post-init","    // run browser js-env code - post-init","    /* istanbul ignore next */","    case 'browser':","        local.testRunBrowser = function (event) {","            if (!event || (event &&","                    event.currentTarget &&","                    event.currentTarget.className &&","                    event.currentTarget.className.includes &&","                    event.currentTarget.className.includes('onreset'))) {","                // reset output","                Array.from(","                    document.querySelectorAll('body > .resettable')","                ).forEach(function (element) {","                    switch (element.tagName) {","                    case 'INPUT':","                    case 'TEXTAREA':","                        element.value = '';","                        break;","                    default:","                        element.textContent = '';","                    }","                });","            }","            switch (event && event.currentTarget && event.currentTarget.id) {","            case 'testRunButton1':","                // show tests","                if (document.querySelector('#testReportDiv1').style.display === 'none') {","                    document.querySelector('#testReportDiv1').style.display = 'block';","                    document.querySelector('#testRunButton1').textContent =","                        'hide internal test';","                    local.modeTest = true;","                    local.testRunDefault(local);","                // hide tests","                } else {","                    document.querySelector('#testReportDiv1').style.display = 'none';","                    document.querySelector('#testRunButton1').textContent = 'run internal test';","                }","                break;","            // custom-case","            default:","                break;","            }","            if (document.querySelector('#inputTextareaEval1') && (!event || (event &&","                    event.currentTarget &&","                    event.currentTarget.className &&","                    event.currentTarget.className.includes &&","                    event.currentTarget.className.includes('oneval')))) {","                // try to eval input-code","                try {","                    /*jslint evil: true*/","                    eval(document.querySelector('#inputTextareaEval1').value);","                } catch (errorCaught) {","                    console.error(errorCaught);","                }","            }","        };","        // log stderr and stdout to #outputTextareaStdout1","        ['error', 'log'].forEach(function (key) {","            console[key + '_original'] = console[key];","            console[key] = function () {","                var element;","                console[key + '_original'].apply(console, arguments);","                element = document.querySelector('#outputTextareaStdout1');","                if (!element) {","                    return;","                }","                // append text to #outputTextareaStdout1","                element.value += Array.from(arguments).map(function (arg) {","                    return typeof arg === 'string'","                        ? arg","                        : JSON.stringify(arg, null, 4);","                }).join(' ') + '\\n';","                // scroll textarea to bottom","                element.scrollTop = element.scrollHeight;","            };","        });","        // init event-handling","        ['change', 'click', 'keyup'].forEach(function (event) {","            Array.from(document.querySelectorAll('.on' + event)).forEach(function (element) {","                element.addEventListener(event, local.testRunBrowser);","            });","        });","        // run tests","        local.testRunBrowser();","        break;","","","","    // run node js-env code - post-init","    /* istanbul ignore next */","    case 'node':","        // export local","        module.exports = local;","        // require modules","        local.fs = require('fs');","        local.http = require('http');","        local.url = require('url');","        // init assets","        local.assetsDict = local.assetsDict || {};","        /* jslint-ignore-begin */","        local.assetsDict['/assets.index.template.html'] = '\\","<!doctype html>\\n\\","<html lang=\"en\">\\n\\","<head>\\n\\","<meta charset=\"UTF-8\">\\n\\","<meta name=\"viewport\" content=\"width=device-width, initial-scale=1\">\\n\\","<title>{{env.npm_package_name}} (v{{env.npm_package_version}})</title>\\n\\","<style>\\n\\","/*csslint\\n\\","    box-sizing: false,\\n\\","    universal-selector: false\\n\\","*/\\n\\","* {\\n\\","    box-sizing: border-box;\\n\\","}\\n\\","body {\\n\\","    background: #dde;\\n\\","    font-family: Arial, Helvetica, sans-serif;\\n\\","    margin: 2rem;\\n\\","}\\n\\","body > * {\\n\\","    margin-bottom: 1rem;\\n\\","}\\n\\",".utility2FooterDiv {\\n\\","    margin-top: 20px;\\n\\","    text-align: center;\\n\\","}\\n\\","</style>\\n\\","<style>\\n\\","/*csslint\\n\\","*/\\n\\","textarea {\\n\\","    font-family: monospace;\\n\\","    height: 10rem;\\n\\","    width: 100%;\\n\\","}\\n\\","textarea[readonly] {\\n\\","    background: #ddd;\\n\\","}\\n\\","</style>\\n\\","</head>\\n\\","<body>\\n\\","<!-- utility2-comment\\n\\","<div id=\"ajaxProgressDiv1\" style=\"background: #d00; height: 2px; left: 0; margin: 0; padding: 0; position: fixed; top: 0; transition: background 0.5s, width 1.5s; width: 25%;\"></div>\\n\\","utility2-comment -->\\n\\","<h1>\\n\\","<!-- utility2-comment\\n\\","    <a\\n\\","        {{#if env.npm_package_homepage}}\\n\\","        href=\"{{env.npm_package_homepage}}\"\\n\\","        {{/if env.npm_package_homepage}}\\n\\","        target=\"_blank\"\\n\\","    >\\n\\","utility2-comment -->\\n\\","        {{env.npm_package_name}} (v{{env.npm_package_version}})\\n\\","<!-- utility2-comment\\n\\","    </a>\\n\\","utility2-comment -->\\n\\","</h1>\\n\\","<h3>{{env.npm_package_description}}</h3>\\n\\","<!-- utility2-comment\\n\\","<h4><a download href=\"assets.app.js\">download standalone app</a></h4>\\n\\","<button class=\"onclick onreset\" id=\"testRunButton1\">run internal test</button><br>\\n\\","<div id=\"testReportDiv1\" style=\"display: none;\"></div>\\n\\","utility2-comment -->\\n\\","\\n\\","\\n\\","\\n\\","<label>stderr and stdout</label>\\n\\","<textarea class=\"resettable\" id=\"outputTextareaStdout1\" readonly></textarea>\\n\\","<!-- utility2-comment\\n\\","{{#if isRollup}}\\n\\","<script src=\"assets.app.js\"></script>\\n\\","{{#unless isRollup}}\\n\\","utility2-comment -->\\n\\","<script src=\"assets.utility2.rollup.js\"></script>\\n\\","<script src=\"jsonp.utility2._stateInit?callback=window.utility2._stateInit\"></script>\\n\\","<script src=\"assets.npmtest_meanio.rollup.js\"></script>\\n\\","<script src=\"assets.example.js\"></script>\\n\\","<script src=\"assets.test.js\"></script>\\n\\","<!-- utility2-comment\\n\\","{{/if isRollup}}\\n\\","utility2-comment -->\\n\\","<div class=\"utility2FooterDiv\">\\n\\","    [ this app was created with\\n\\","    <a href=\"https://github.com/kaizhu256/node-utility2\" target=\"_blank\">utility2</a>\\n\\","    ]\\n\\","</div>\\n\\","</body>\\n\\","</html>\\n\\","';","        /* jslint-ignore-end */","        if (local.templateRender) {","            local.assetsDict['/'] = local.templateRender(","                local.assetsDict['/assets.index.template.html'],","                {","                    env: local.objectSetDefault(local.env, {","                        npm_package_description: 'the greatest app in the world!',","                        npm_package_name: 'my-app',","                        npm_package_nameAlias: 'my_app',","                        npm_package_version: '0.0.1'","                    })","                }","            );","        } else {","            local.assetsDict['/'] = local.assetsDict['/assets.index.template.html']","                .replace((/\\{\\{env\\.(\\w+?)\\}\\}/g), function (match0, match1) {","                    // jslint-hack","                    String(match0);","                    switch (match1) {","                    case 'npm_package_description':","                        return 'the greatest app in the world!';","                    case 'npm_package_name':","                        return 'my-app';","                    case 'npm_package_nameAlias':","                        return 'my_app';","                    case 'npm_package_version':","                        return '0.0.1';","                    }","                });","        }","        // run the cli","        if (local.global.utility2_rollup || module !== require.main) {","            break;","        }","        local.assetsDict['/assets.example.js'] =","            local.assetsDict['/assets.example.js'] ||","            local.fs.readFileSync(__filename, 'utf8');","        // bug-workaround - long $npm_package_buildCustomOrg","        /* jslint-ignore-begin */","        local.assetsDict['/assets.npmtest_meanio.rollup.js'] =","            local.assetsDict['/assets.npmtest_meanio.rollup.js'] ||","            local.fs.readFileSync(","                local.npmtest_meanio.__dirname + '/lib.npmtest_meanio.js',","                'utf8'","            ).replace((/^#!/), '//');","        /* jslint-ignore-end */","        local.assetsDict['/favicon.ico'] = local.assetsDict['/favicon.ico'] || '';","        // if $npm_config_timeout_exit exists,","        // then exit this process after $npm_config_timeout_exit ms","        if (Number(process.env.npm_config_timeout_exit)) {","            setTimeout(process.exit, Number(process.env.npm_config_timeout_exit));","        }","        // start server","        if (local.global.utility2_serverHttp1) {","            break;","        }","        process.env.PORT = process.env.PORT || '8081';","        console.error('server starting on port ' + process.env.PORT);","        local.http.createServer(function (request, response) {","            request.urlParsed = local.url.parse(request.url);","            if (local.assetsDict[request.urlParsed.pathname] !== undefined) {","                response.end(local.assetsDict[request.urlParsed.pathname]);","                return;","            }","            response.statusCode = 404;","            response.end();","        }).listen(process.env.PORT);","        break;","    }","}());",""],"l":{"26":2,"28":2,"33":2,"35":2,"37":2,"38":2,"39":2,"44":1,"51":2,"55":2,"59":2,"61":2,"69":1,"70":2,"76":2,"79":2,"82":2,"83":2,"85":1,"89":2,"92":1,"93":1,"94":1,"96":1,"97":1,"100":1,"101":1,"103":1,"106":1,"108":2,"114":1,"116":1,"118":1,"123":1,"124":2,"125":2,"126":3,"127":3,"128":3,"129":3,"130":1,"133":3,"134":3,"139":3,"143":1,"144":3,"145":1,"149":1,"150":1,"158":1,"160":1,"161":1,"162":1,"164":1,"166":1,"258":1,"259":1,"271":1,"274":6,"275":6,"277":1,"279":2,"281":1,"283":2,"288":1,"289":1,"291":1,"296":1,"303":1,"306":1,"307":1,"310":1,"311":1,"313":1,"314":1,"315":1,"316":1,"317":1,"318":1,"319":1,"321":1,"322":1,"324":1}},"/home/travis/build/npmtest/node-npmtest-meanio/node_modules/meanio/lib/mean.js":{"path":"/home/travis/build/npmtest/node-npmtest-meanio/node_modules/meanio/lib/mean.js","s":{"1":1,"2":1,"3":1,"4":1,"5":1,"6":0,"7":1,"8":1,"9":1,"10":1,"11":1,"12":3,"13":3,"14":3,"15":1,"16":1,"17":0,"18":1,"19":1,"20":1,"21":0,"22":0,"23":1,"24":1,"25":3,"26":1,"27":1,"28":1,"29":1,"30":1,"31":1},"b":{"1":[0,1]},"f":{"1":1,"2":0,"3":1,"4":0,"5":3},"fnMap":{"1":{"name":"Meanio","line":11,"loc":{"start":{"line":11,"column":0},"end":{"line":11,"column":18}}},"2":{"name":"(anonymous_2)","line":27,"loc":{"start":{"line":27,"column":26},"end":{"line":27,"column":37}}},"3":{"name":"_getConfig","line":34,"loc":{"start":{"line":34,"column":48},"end":{"line":34,"column":70}}},"4":{"name":"(anonymous_4)","line":41,"loc":{"start":{"line":41,"column":50},"end":{"line":41,"column":60}}},"5":{"name":"(anonymous_5)","line":47,"loc":{"start":{"line":47,"column":20},"end":{"line":47,"column":34}}}},"statementMap":{"1":{"start":{"line":3,"column":0},"end":{"line":6,"column":19}},"2":{"start":{"line":9,"column":0},"end":{"line":9,"column":21}},"3":{"start":{"line":11,"column":0},"end":{"line":23,"column":1}},"4":{"start":{"line":12,"column":2},"end":{"line":12,"column":23}},"5":{"start":{"line":13,"column":2},"end":{"line":13,"column":26}},"6":{"start":{"line":13,"column":19},"end":{"line":13,"column":26}},"7":{"start":{"line":14,"column":2},"end":{"line":14,"column":26}},"8":{"start":{"line":15,"column":2},"end":{"line":15,"column":47}},"9":{"start":{"line":16,"column":2},"end":{"line":16,"column":29}},"10":{"start":{"line":17,"column":2},"end":{"line":17,"column":12}},"11":{"start":{"line":18,"column":2},"end":{"line":22,"column":3}},"12":{"start":{"line":19,"column":4},"end":{"line":19,"column":22}},"13":{"start":{"line":20,"column":4},"end":{"line":20,"column":47}},"14":{"start":{"line":21,"column":4},"end":{"line":21,"column":46}},"15":{"start":{"line":25,"column":0},"end":{"line":25,"column":28}},"16":{"start":{"line":27,"column":0},"end":{"line":32,"column":2}},"17":{"start":{"line":28,"column":2},"end":{"line":31,"column":4}},"18":{"start":{"line":34,"column":0},"end":{"line":36,"column":2}},"19":{"start":{"line":35,"column":2},"end":{"line":35,"column":16}},"20":{"start":{"line":41,"column":0},"end":{"line":44,"column":2}},"21":{"start":{"line":42,"column":2},"end":{"line":42,"column":90}},"22":{"start":{"line":43,"column":2},"end":{"line":43,"column":28}},"23":{"start":{"line":46,"column":0},"end":{"line":46,"column":28}},"24":{"start":{"line":47,"column":0},"end":{"line":49,"column":2}},"25":{"start":{"line":48,"column":2},"end":{"line":48,"column":36}},"26":{"start":{"line":51,"column":0},"end":{"line":51,"column":56}},"27":{"start":{"line":52,"column":0},"end":{"line":52,"column":43}},"28":{"start":{"line":53,"column":0},"end":{"line":53,"column":39}},"29":{"start":{"line":54,"column":0},"end":{"line":54,"column":43}},"30":{"start":{"line":56,"column":0},"end":{"line":56,"column":24}},"31":{"start":{"line":59,"column":0},"end":{"line":59,"column":32}}},"branchMap":{"1":{"line":13,"type":"if","locations":[{"start":{"line":13,"column":2},"end":{"line":13,"column":2}},{"start":{"line":13,"column":2},"end":{"line":13,"column":2}}]}},"code":["'use strict';","","var config = require('config'),","  Container = require('lazy-dependable').Container,","  inherits = require('util').inherits,","  Q = require('q');","","","require('./json.js');","","function Meanio() {","  Container.call(this);","  if (this.active) return;","  Meanio.Singleton = this;","  this.version = require('../package').version;","  this.instanceWaitersQ = [];","  var defer;","  while(Meanio.instanceWaiters.length){","    defer = Q.defer();","    Meanio.instanceWaiters.shift()(this,defer);","    this.instanceWaitersQ.push(defer.promise);","  }","}","","inherits(Meanio, Container);","","Meanio.prototype.status = function() {","  return {","    active: this.active,","    name: this.name","  };","};","","Meanio.getConfig = Meanio.prototype.getConfig = function _getConfig() {","  return config;","};","","/**"," * @deprecated Opted to change the name to `getConfig` to reduce confusion, the config is not loaded upon this call"," */","Meanio.loadConfig = Meanio.prototype.loadConfig = function(){","  console.error('Meanio.loadConfig() has been deprecated. Update to Meanio.getConfig().');","  return Meanio.getConfig();","};","","Meanio.instanceWaiters = [];","Meanio.onInstance = function(func){","  Meanio.instanceWaiters.push(func);","};","","Meanio.prototype.Menus = require('./core_modules/menu');","(require('./core_modules/module'))(Meanio);","(require('./core_modules/db'))(Meanio);","(require('./core_modules/server'))(Meanio);","","var mean = new Meanio();","","/*global exports:true*/","module.exports = exports = mean;","/*global exports:false*/","","","",""],"l":{"3":1,"9":1,"11":1,"12":1,"13":1,"14":1,"15":1,"16":1,"17":1,"18":1,"19":3,"20":3,"21":3,"25":1,"27":1,"28":0,"34":1,"35":1,"41":1,"42":0,"43":0,"46":1,"47":1,"48":3,"51":1,"52":1,"53":1,"54":1,"56":1,"59":1}},"/home/travis/build/npmtest/node-npmtest-meanio/node_modules/meanio/lib/json.js":{"path":"/home/travis/build/npmtest/node-npmtest-meanio/node_modules/meanio/lib/json.js","s":{"1":1,"2":1,"3":0,"4":0,"5":1,"6":0,"7":0,"8":0,"9":0,"10":0,"11":0,"12":1,"13":0,"14":0,"15":1,"16":0,"17":0,"18":0,"19":0,"20":0,"21":0,"22":0,"23":0,"24":0,"25":0},"b":{"1":[0,0],"2":[0,0,0],"3":[0,0],"4":[0,0],"5":[0,0],"6":[0,0],"7":[0,0],"8":[0,0],"9":[0,0],"10":[0,0]},"f":{"1":1,"2":0,"3":0,"4":0,"5":0},"fnMap":{"1":{"name":"(anonymous_1)","line":1,"loc":{"start":{"line":1,"column":1},"end":{"line":1,"column":13}}},"2":{"name":"(anonymous_2)","line":17,"loc":{"start":{"line":17,"column":17},"end":{"line":17,"column":41}}},"3":{"name":"flatten","line":21,"loc":{"start":{"line":21,"column":4},"end":{"line":21,"column":35}}},"4":{"name":"layerRoot","line":37,"loc":{"start":{"line":37,"column":4},"end":{"line":37,"column":36}}},"5":{"name":"(anonymous_5)","line":48,"loc":{"start":{"line":48,"column":19},"end":{"line":48,"column":34}}}},"statementMap":{"1":{"start":{"line":1,"column":0},"end":{"line":67,"column":5}},"2":{"start":{"line":17,"column":2},"end":{"line":41,"column":4}},"3":{"start":{"line":18,"column":4},"end":{"line":18,"column":20}},"4":{"start":{"line":19,"column":4},"end":{"line":19,"column":22}},"5":{"start":{"line":21,"column":4},"end":{"line":35,"column":5}},"6":{"start":{"line":22,"column":6},"end":{"line":34,"column":7}},"7":{"start":{"line":23,"column":8},"end":{"line":33,"column":9}},"8":{"start":{"line":24,"column":10},"end":{"line":24,"column":57}},"9":{"start":{"line":26,"column":10},"end":{"line":28,"column":12}},"10":{"start":{"line":30,"column":10},"end":{"line":32,"column":11}},"11":{"start":{"line":31,"column":12},"end":{"line":31,"column":70}},"12":{"start":{"line":37,"column":4},"end":{"line":39,"column":5}},"13":{"start":{"line":38,"column":6},"end":{"line":38,"column":46}},"14":{"start":{"line":40,"column":4},"end":{"line":40,"column":18}},"15":{"start":{"line":48,"column":2},"end":{"line":66,"column":4}},"16":{"start":{"line":49,"column":4},"end":{"line":51,"column":5}},"17":{"start":{"line":50,"column":6},"end":{"line":50,"column":18}},"18":{"start":{"line":53,"column":4},"end":{"line":54,"column":24}},"19":{"start":{"line":55,"column":4},"end":{"line":64,"column":5}},"20":{"start":{"line":56,"column":6},"end":{"line":58,"column":10}},"21":{"start":{"line":59,"column":6},"end":{"line":62,"column":7}},"22":{"start":{"line":60,"column":8},"end":{"line":60,"column":58}},"23":{"start":{"line":61,"column":8},"end":{"line":61,"column":28}},"24":{"start":{"line":63,"column":6},"end":{"line":63,"column":26}},"25":{"start":{"line":65,"column":4},"end":{"line":65,"column":44}}},"branchMap":{"1":{"line":23,"type":"if","locations":[{"start":{"line":23,"column":8},"end":{"line":23,"column":8}},{"start":{"line":23,"column":8},"end":{"line":23,"column":8}}]},"2":{"line":23,"type":"binary-expr","locations":[{"start":{"line":23,"column":12},"end":{"line":23,"column":25}},{"start":{"line":23,"column":29},"end":{"line":23,"column":49}},{"start":{"line":23,"column":53},"end":{"line":23,"column":87}}]},"3":{"line":30,"type":"if","locations":[{"start":{"line":30,"column":10},"end":{"line":30,"column":10}},{"start":{"line":30,"column":10},"end":{"line":30,"column":10}}]},"4":{"line":38,"type":"cond-expr","locations":[{"start":{"line":38,"column":21},"end":{"line":38,"column":31}},{"start":{"line":38,"column":34},"end":{"line":38,"column":36}}]},"5":{"line":49,"type":"if","locations":[{"start":{"line":49,"column":4},"end":{"line":49,"column":4}},{"start":{"line":49,"column":4},"end":{"line":49,"column":4}}]},"6":{"line":49,"type":"binary-expr","locations":[{"start":{"line":49,"column":8},"end":{"line":49,"column":29}},{"start":{"line":49,"column":33},"end":{"line":49,"column":52}}]},"7":{"line":60,"type":"binary-expr","locations":[{"start":{"line":60,"column":14},"end":{"line":60,"column":23}},{"start":{"line":60,"column":28},"end":{"line":60,"column":56}}]},"8":{"line":60,"type":"cond-expr","locations":[{"start":{"line":60,"column":48},"end":{"line":60,"column":50}},{"start":{"line":60,"column":53},"end":{"line":60,"column":55}}]},"9":{"line":61,"type":"binary-expr","locations":[{"start":{"line":61,"column":15},"end":{"line":61,"column":19}},{"start":{"line":61,"column":23},"end":{"line":61,"column":27}}]},"10":{"line":65,"type":"binary-expr","locations":[{"start":{"line":65,"column":11},"end":{"line":65,"column":27}},{"start":{"line":65,"column":31},"end":{"line":65,"column":43}}]}},"code":["(function () {","  'use strict';","","  /**","   * Moved this code out of module/util.js","   * It's being used by config and module","   * TODO we should find a way to not have","   *  to modify a global for this functionality","   */","","  /**","   * Adds a flatten capability to the Global JSON","   * @param data","   * @param options","   * @returns {{}}","   */","  JSON.flatten = function(data, options) {","    var result = {};","    flatten(data, '');","","    function flatten(config, root) {","      for (var index in config) {","        if (config[index] && !config[index].value && typeof(config[index]) === 'object') {","          flatten(config[index], layerRoot(root, index));","        } else {","          result[layerRoot(root, index)] = {","            'value': config[index]","          };","","          if (options['default']) {","            result[layerRoot(root, index)]['default'] = config[index];","          }","        }","      }","    }","","    function layerRoot(root, layer) {","      return (root ? root + '.' : '') + layer;","    }","    return result;","  };","","  /**","   * Adds an unflatten capability to the Global JSON","   * @param data","   * @returns {*}","   */","  JSON.unflatten = function(data) {","    if (Object(data) !== data || Array.isArray(data)) {","      return data;","    }","","    var regex = /\\.?([^.\\[\\]]+)|\\[(\\d+)\\]/g,","      resultholder = {};","    for (var p in data) {","      var cur = resultholder,","        prop = '',","        m;","      while ((m = regex.exec(p))) {","        cur = cur[prop] || (cur[prop] = (m[2] ? [] : {}));","        prop = m[2] || m[1];","      }","      cur[prop] = data[p];","    }","    return resultholder[''] || resultholder;","  };","})();"],"l":{"1":1,"17":1,"18":0,"19":0,"21":1,"22":0,"23":0,"24":0,"26":0,"30":0,"31":0,"37":1,"38":0,"40":0,"48":1,"49":0,"50":0,"53":0,"55":0,"56":0,"59":0,"60":0,"61":0,"63":0,"65":0}},"/home/travis/build/npmtest/node-npmtest-meanio/node_modules/meanio/lib/core_modules/menu/index.js":{"path":"/home/travis/build/npmtest/node-npmtest-meanio/node_modules/meanio/lib/core_modules/menu/index.js","s":{"1":1,"2":1,"3":1,"4":1,"5":1,"6":0,"7":0,"8":0,"9":0,"10":0,"11":0,"12":0,"13":0,"14":0,"15":0,"16":0,"17":0,"18":0,"19":0,"20":0,"21":1,"22":0,"23":0,"24":0,"25":0,"26":0,"27":0,"28":0,"29":0,"30":0,"31":1,"32":0,"33":1},"b":{"1":[0,0],"2":[0,0],"3":[0,0],"4":[0,0],"5":[0,0],"6":[0,0],"7":[0,0],"8":[0,0],"9":[0,0],"10":[0,0],"11":[0,0]},"f":{"1":0,"2":0,"3":0,"4":0},"fnMap":{"1":{"name":"Menus","line":8,"loc":{"start":{"line":8,"column":0},"end":{"line":8,"column":17}}},"2":{"name":"(anonymous_2)","line":11,"loc":{"start":{"line":11,"column":22},"end":{"line":11,"column":41}}},"3":{"name":"(anonymous_3)","line":38,"loc":{"start":{"line":38,"column":22},"end":{"line":38,"column":41}}},"4":{"name":"mapDoStrip","line":53,"loc":{"start":{"line":53,"column":0},"end":{"line":53,"column":24}}}},"statementMap":{"1":{"start":{"line":2,"column":0},"end":{"line":2,"column":26}},"2":{"start":{"line":3,"column":0},"end":{"line":3,"column":40}},"3":{"start":{"line":5,"column":0},"end":{"line":6,"column":24}},"4":{"start":{"line":8,"column":0},"end":{"line":9,"column":1}},"5":{"start":{"line":11,"column":0},"end":{"line":36,"column":2}},"6":{"start":{"line":12,"column":2},"end":{"line":12,"column":42}},"7":{"start":{"line":12,"column":30},"end":{"line":12,"column":42}},"8":{"start":{"line":13,"column":2},"end":{"line":16,"column":3}},"9":{"start":{"line":14,"column":4},"end":{"line":14,"column":52}},"10":{"start":{"line":15,"column":4},"end":{"line":15,"column":16}},"11":{"start":{"line":17,"column":2},"end":{"line":20,"column":3}},"12":{"start":{"line":18,"column":4},"end":{"line":18,"column":65}},"13":{"start":{"line":19,"column":4},"end":{"line":19,"column":16}},"14":{"start":{"line":23,"column":2},"end":{"line":25,"column":3}},"15":{"start":{"line":24,"column":4},"end":{"line":24,"column":32}},"16":{"start":{"line":27,"column":2},"end":{"line":31,"column":13}},"17":{"start":{"line":32,"column":2},"end":{"line":32,"column":49}},"18":{"start":{"line":33,"column":2},"end":{"line":33,"column":60}},"19":{"start":{"line":34,"column":2},"end":{"line":34,"column":34}},"20":{"start":{"line":35,"column":2},"end":{"line":35,"column":14}},"21":{"start":{"line":38,"column":0},"end":{"line":51,"column":2}},"22":{"start":{"line":39,"column":2},"end":{"line":39,"column":26}},"23":{"start":{"line":40,"column":2},"end":{"line":40,"column":40}},"24":{"start":{"line":41,"column":2},"end":{"line":41,"column":49}},"25":{"start":{"line":42,"column":2},"end":{"line":42,"column":50}},"26":{"start":{"line":44,"column":2},"end":{"line":44,"column":64}},"27":{"start":{"line":45,"column":2},"end":{"line":48,"column":3}},"28":{"start":{"line":47,"column":4},"end":{"line":47,"column":31}},"29":{"start":{"line":49,"column":2},"end":{"line":49,"column":34}},"30":{"start":{"line":50,"column":2},"end":{"line":50,"column":94}},"31":{"start":{"line":53,"column":0},"end":{"line":55,"column":1}},"32":{"start":{"line":54,"column":2},"end":{"line":54,"column":35}},"33":{"start":{"line":57,"column":0},"end":{"line":57,"column":23}}},"branchMap":{"1":{"line":12,"type":"if","locations":[{"start":{"line":12,"column":2},"end":{"line":12,"column":2}},{"start":{"line":12,"column":2},"end":{"line":12,"column":2}}]},"2":{"line":13,"type":"if","locations":[{"start":{"line":13,"column":2},"end":{"line":13,"column":2}},{"start":{"line":13,"column":2},"end":{"line":13,"column":2}}]},"3":{"line":17,"type":"if","locations":[{"start":{"line":17,"column":2},"end":{"line":17,"column":2}},{"start":{"line":17,"column":2},"end":{"line":17,"column":2}}]},"4":{"line":23,"type":"if","locations":[{"start":{"line":23,"column":2},"end":{"line":23,"column":2}},{"start":{"line":23,"column":2},"end":{"line":23,"column":2}}]},"5":{"line":39,"type":"binary-expr","locations":[{"start":{"line":39,"column":12},"end":{"line":39,"column":19}},{"start":{"line":39,"column":23},"end":{"line":39,"column":25}}]},"6":{"line":40,"type":"binary-expr","locations":[{"start":{"line":40,"column":17},"end":{"line":40,"column":29}},{"start":{"line":40,"column":33},"end":{"line":40,"column":39}}]},"7":{"line":41,"type":"binary-expr","locations":[{"start":{"line":41,"column":18},"end":{"line":41,"column":31}},{"start":{"line":41,"column":35},"end":{"line":41,"column":48}}]},"8":{"line":42,"type":"binary-expr","locations":[{"start":{"line":42,"column":24},"end":{"line":42,"column":43}},{"start":{"line":42,"column":47},"end":{"line":42,"column":49}}]},"9":{"line":45,"type":"if","locations":[{"start":{"line":45,"column":2},"end":{"line":45,"column":2}},{"start":{"line":45,"column":2},"end":{"line":45,"column":2}}]},"10":{"line":50,"type":"cond-expr","locations":[{"start":{"line":50,"column":15},"end":{"line":50,"column":71}},{"start":{"line":50,"column":74},"end":{"line":50,"column":93}}]},"11":{"line":54,"type":"cond-expr","locations":[{"start":{"line":54,"column":13},"end":{"line":54,"column":22}},{"start":{"line":54,"column":25},"end":{"line":54,"column":34}}]}},"code":["'use strict';","var _ = require('lodash');","var MenuItem = require('./MenuItem.js');","","var allMenus = new MenuItem(),","  _ = require('lodash');","","function Menus() {","}","","Menus.prototype.add = function (options) {","  if (arguments.length === 0) return this;","  if (options instanceof Array) {","    options.forEach(Menus.prototype.add.bind(this));","    return this;","  }","  if (arguments.length > 1) {","    Array.prototype.forEach.call(arguments, this.add.bind(this));","    return this;","  }","","  //fixes scaffolding: menu=path","  if (options.menu !== undefined) {","    options.path = options.menu;","  }","","  options = _.assign({","      path: 'main',","      roles: ['anonymous'],","    },","    options);","  options.path = options.path.replace(/^\\//, '');","  var item = allMenus.findOrCreate(options.path.split('/'));","  item.add(new MenuItem(options));","  return this;","};","","Menus.prototype.get = function (options) {","  options = options || {};","  options.menu = options.menu || 'main';","  options.roles = options.roles || ['anonymous'];","  options.defaultMenu = options.defaultMenu || [];","","  var sm = allMenus.get(options.roles, options.menu.split('/'));","  if (!sm) {","    //no menu at all","    return options.defaultMenu;","  }","  var ret = sm.get(options.roles);","  return ret ? options.defaultMenu.concat(ret.submenus.map(mapDoStrip)) : options.defaultMenu;","};","","function mapDoStrip (v) {","  return v ? v.strip() : undefined;","}","","module.exports = Menus;",""],"l":{"2":1,"3":1,"5":1,"8":1,"11":1,"12":0,"13":0,"14":0,"15":0,"17":0,"18":0,"19":0,"23":0,"24":0,"27":0,"32":0,"33":0,"34":0,"35":0,"38":1,"39":0,"40":0,"41":0,"42":0,"44":0,"45":0,"47":0,"49":0,"50":0,"53":1,"54":0,"57":1}},"/home/travis/build/npmtest/node-npmtest-meanio/node_modules/meanio/lib/core_modules/menu/MenuItem.js":{"path":"/home/travis/build/npmtest/node-npmtest-meanio/node_modules/meanio/lib/core_modules/menu/MenuItem.js","s":{"1":1,"2":1,"3":1,"4":1,"5":1,"6":1,"7":1,"8":1,"9":1,"10":1,"11":1,"12":1,"13":0,"14":1,"15":0,"16":1,"17":0,"18":1,"19":0,"20":0,"21":0,"22":0,"23":0,"24":0,"25":0,"26":0,"27":0,"28":0,"29":1,"30":0,"31":1,"32":0,"33":0,"34":0,"35":0,"36":0,"37":0,"38":0,"39":0,"40":0,"41":0,"42":0,"43":0,"44":0,"45":0,"46":0,"47":0,"48":1,"49":0,"50":0,"51":0,"52":0,"53":0,"54":0,"55":0,"56":0,"57":0,"58":0,"59":1,"60":0,"61":1,"62":0,"63":1,"64":0,"65":1,"66":0,"67":1},"b":{"1":[1,1,1],"2":[0,1],"3":[1,1],"4":[0,0],"5":[0,0],"6":[0,0],"7":[0,0],"8":[0,0],"9":[0,0],"10":[0,0],"11":[0,0],"12":[0,0],"13":[0,0],"14":[0,0],"15":[0,0],"16":[0,0],"17":[0,0],"18":[0,0],"19":[0,0],"20":[0,0],"21":[0,0],"22":[0,0]},"f":{"1":1,"2":0,"3":0,"4":0,"5":0,"6":0,"7":0,"8":0,"9":0,"10":0,"11":0,"12":0},"fnMap":{"1":{"name":"MenuItem","line":5,"loc":{"start":{"line":5,"column":0},"end":{"line":5,"column":28}}},"2":{"name":"(anonymous_2)","line":17,"loc":{"start":{"line":17,"column":27},"end":{"line":17,"column":39}}},"3":{"name":"(anonymous_3)","line":30,"loc":{"start":{"line":30,"column":19},"end":{"line":30,"column":42}}},"4":{"name":"(anonymous_4)","line":34,"loc":{"start":{"line":34,"column":27},"end":{"line":34,"column":39}}},"5":{"name":"(anonymous_5)","line":45,"loc":{"start":{"line":45,"column":34},"end":{"line":45,"column":50}}},"6":{"name":"(anonymous_6)","line":56,"loc":{"start":{"line":56,"column":26},"end":{"line":56,"column":38}}},"7":{"name":"(anonymous_7)","line":60,"loc":{"start":{"line":60,"column":25},"end":{"line":60,"column":48}}},"8":{"name":"(anonymous_8)","line":90,"loc":{"start":{"line":90,"column":25},"end":{"line":90,"column":39}}},"9":{"name":"extractNames","line":105,"loc":{"start":{"line":105,"column":0},"end":{"line":105,"column":26}}},"10":{"name":"get_get","line":109,"loc":{"start":{"line":109,"column":0},"end":{"line":109,"column":27}}},"11":{"name":"remove_nulls","line":113,"loc":{"start":{"line":113,"column":0},"end":{"line":113,"column":26}}},"12":{"name":"mapDoStrip","line":117,"loc":{"start":{"line":117,"column":0},"end":{"line":117,"column":24}}}},"statementMap":{"1":{"start":{"line":2,"column":0},"end":{"line":2,"column":26}},"2":{"start":{"line":5,"column":0},"end":{"line":15,"column":1}},"3":{"start":{"line":6,"column":2},"end":{"line":6,"column":80}},"4":{"start":{"line":7,"column":2},"end":{"line":7,"column":109}},"5":{"start":{"line":8,"column":2},"end":{"line":8,"column":27}},"6":{"start":{"line":9,"column":2},"end":{"line":9,"column":29}},"7":{"start":{"line":10,"column":2},"end":{"line":10,"column":27}},"8":{"start":{"line":11,"column":2},"end":{"line":11,"column":29}},"9":{"start":{"line":12,"column":2},"end":{"line":12,"column":27}},"10":{"start":{"line":13,"column":2},"end":{"line":13,"column":31}},"11":{"start":{"line":14,"column":2},"end":{"line":14,"column":41}},"12":{"start":{"line":17,"column":0},"end":{"line":27,"column":2}},"13":{"start":{"line":18,"column":2},"end":{"line":26,"column":4}},"14":{"start":{"line":30,"column":0},"end":{"line":32,"column":2}},"15":{"start":{"line":31,"column":2},"end":{"line":31,"column":36}},"16":{"start":{"line":34,"column":0},"end":{"line":43,"column":2}},"17":{"start":{"line":35,"column":2},"end":{"line":42,"column":4}},"18":{"start":{"line":45,"column":0},"end":{"line":54,"column":2}},"19":{"start":{"line":46,"column":2},"end":{"line":46,"column":32}},"20":{"start":{"line":46,"column":20},"end":{"line":46,"column":32}},"21":{"start":{"line":47,"column":2},"end":{"line":47,"column":23}},"22":{"start":{"line":48,"column":2},"end":{"line":48,"column":37}},"23":{"start":{"line":49,"column":2},"end":{"line":49,"column":65}},"24":{"start":{"line":49,"column":18},"end":{"line":49,"column":65}},"25":{"start":{"line":50,"column":2},"end":{"line":50,"column":25}},"26":{"start":{"line":51,"column":2},"end":{"line":51,"column":13}},"27":{"start":{"line":52,"column":2},"end":{"line":52,"column":25}},"28":{"start":{"line":53,"column":2},"end":{"line":53,"column":30}},"29":{"start":{"line":56,"column":0},"end":{"line":58,"column":2}},"30":{"start":{"line":57,"column":2},"end":{"line":57,"column":41}},"31":{"start":{"line":60,"column":0},"end":{"line":88,"column":2}},"32":{"start":{"line":61,"column":2},"end":{"line":61,"column":37}},"33":{"start":{"line":62,"column":2},"end":{"line":64,"column":3}},"34":{"start":{"line":63,"column":4},"end":{"line":63,"column":33}},"35":{"start":{"line":65,"column":2},"end":{"line":65,"column":50}},"36":{"start":{"line":65,"column":32},"end":{"line":65,"column":50}},"37":{"start":{"line":67,"column":2},"end":{"line":67,"column":25}},"38":{"start":{"line":68,"column":2},"end":{"line":73,"column":3}},"39":{"start":{"line":69,"column":4},"end":{"line":69,"column":34}},"40":{"start":{"line":69,"column":22},"end":{"line":69,"column":34}},"41":{"start":{"line":70,"column":4},"end":{"line":70,"column":25}},"42":{"start":{"line":71,"column":4},"end":{"line":71,"column":33}},"43":{"start":{"line":72,"column":4},"end":{"line":72,"column":83}},"44":{"start":{"line":75,"column":2},"end":{"line":77,"column":3}},"45":{"start":{"line":76,"column":4},"end":{"line":76,"column":68}},"46":{"start":{"line":76,"column":51},"end":{"line":76,"column":68}},"47":{"start":{"line":79,"column":2},"end":{"line":87,"column":5}},"48":{"start":{"line":90,"column":0},"end":{"line":102,"column":2}},"49":{"start":{"line":91,"column":2},"end":{"line":91,"column":43}},"50":{"start":{"line":92,"column":2},"end":{"line":92,"column":10}},"51":{"start":{"line":93,"column":2},"end":{"line":100,"column":3}},"52":{"start":{"line":94,"column":4},"end":{"line":94,"column":24}},"53":{"start":{"line":95,"column":4},"end":{"line":95,"column":31}},"54":{"start":{"line":96,"column":4},"end":{"line":96,"column":37}},"55":{"start":{"line":96,"column":22},"end":{"line":96,"column":37}},"56":{"start":{"line":98,"column":4},"end":{"line":98,"column":13}},"57":{"start":{"line":99,"column":4},"end":{"line":99,"column":29}},"58":{"start":{"line":101,"column":2},"end":{"line":101,"column":13}},"59":{"start":{"line":105,"column":0},"end":{"line":107,"column":1}},"60":{"start":{"line":106,"column":2},"end":{"line":106,"column":16}},"61":{"start":{"line":109,"column":0},"end":{"line":111,"column":1}},"62":{"start":{"line":110,"column":2},"end":{"line":110,"column":22}},"63":{"start":{"line":113,"column":0},"end":{"line":115,"column":1}},"64":{"start":{"line":114,"column":2},"end":{"line":114,"column":11}},"65":{"start":{"line":117,"column":0},"end":{"line":119,"column":1}},"66":{"start":{"line":118,"column":2},"end":{"line":118,"column":35}},"67":{"start":{"line":121,"column":0},"end":{"line":121,"column":26}}},"branchMap":{"1":{"line":7,"type":"binary-expr","locations":[{"start":{"line":7,"column":17},"end":{"line":7,"column":29}},{"start":{"line":7,"column":34},"end":{"line":7,"column":90}},{"start":{"line":7,"column":95},"end":{"line":7,"column":108}}]},"2":{"line":7,"type":"cond-expr","locations":[{"start":{"line":7,"column":49},"end":{"line":7,"column":78}},{"start":{"line":7,"column":81},"end":{"line":7,"column":90}}]},"3":{"line":14,"type":"binary-expr","locations":[{"start":{"line":14,"column":18},"end":{"line":14,"column":34}},{"start":{"line":14,"column":38},"end":{"line":14,"column":40}}]},"4":{"line":46,"type":"if","locations":[{"start":{"line":46,"column":2},"end":{"line":46,"column":2}},{"start":{"line":46,"column":2},"end":{"line":46,"column":2}}]},"5":{"line":49,"type":"if","locations":[{"start":{"line":49,"column":2},"end":{"line":49,"column":2}},{"start":{"line":49,"column":2},"end":{"line":49,"column":2}}]},"6":{"line":61,"type":"cond-expr","locations":[{"start":{"line":61,"column":18},"end":{"line":61,"column":31}},{"start":{"line":61,"column":34},"end":{"line":61,"column":36}}]},"7":{"line":62,"type":"if","locations":[{"start":{"line":62,"column":2},"end":{"line":62,"column":2}},{"start":{"line":62,"column":2},"end":{"line":62,"column":2}}]},"8":{"line":62,"type":"binary-expr","locations":[{"start":{"line":62,"column":6},"end":{"line":62,"column":36}},{"start":{"line":62,"column":40},"end":{"line":62,"column":74}}]},"9":{"line":65,"type":"if","locations":[{"start":{"line":65,"column":2},"end":{"line":65,"column":2}},{"start":{"line":65,"column":2},"end":{"line":65,"column":2}}]},"10":{"line":68,"type":"if","locations":[{"start":{"line":68,"column":2},"end":{"line":68,"column":2}},{"start":{"line":68,"column":2},"end":{"line":68,"column":2}}]},"11":{"line":69,"type":"if","locations":[{"start":{"line":69,"column":4},"end":{"line":69,"column":4}},{"start":{"line":69,"column":4},"end":{"line":69,"column":4}}]},"12":{"line":72,"type":"cond-expr","locations":[{"start":{"line":72,"column":34},"end":{"line":72,"column":70}},{"start":{"line":72,"column":73},"end":{"line":72,"column":82}}]},"13":{"line":75,"type":"if","locations":[{"start":{"line":75,"column":2},"end":{"line":75,"column":2}},{"start":{"line":75,"column":2},"end":{"line":75,"column":2}}]},"14":{"line":76,"type":"if","locations":[{"start":{"line":76,"column":4},"end":{"line":76,"column":4}},{"start":{"line":76,"column":4},"end":{"line":76,"column":4}}]},"15":{"line":80,"type":"binary-expr","locations":[{"start":{"line":80,"column":11},"end":{"line":80,"column":21}},{"start":{"line":80,"column":25},"end":{"line":80,"column":29}}]},"16":{"line":81,"type":"binary-expr","locations":[{"start":{"line":81,"column":11},"end":{"line":81,"column":20}},{"start":{"line":81,"column":24},"end":{"line":81,"column":28}}]},"17":{"line":82,"type":"binary-expr","locations":[{"start":{"line":82,"column":10},"end":{"line":82,"column":20}},{"start":{"line":82,"column":24},"end":{"line":82,"column":28}}]},"18":{"line":83,"type":"binary-expr","locations":[{"start":{"line":83,"column":11},"end":{"line":83,"column":20}},{"start":{"line":83,"column":24},"end":{"line":83,"column":28}}]},"19":{"line":84,"type":"binary-expr","locations":[{"start":{"line":84,"column":11},"end":{"line":84,"column":20}},{"start":{"line":84,"column":24},"end":{"line":84,"column":28}}]},"20":{"line":85,"type":"binary-expr","locations":[{"start":{"line":85,"column":12},"end":{"line":85,"column":23}},{"start":{"line":85,"column":27},"end":{"line":85,"column":31}}]},"21":{"line":93,"type":"if","locations":[{"start":{"line":93,"column":2},"end":{"line":93,"column":2}},{"start":{"line":93,"column":2},"end":{"line":93,"column":2}}]},"22":{"line":118,"type":"cond-expr","locations":[{"start":{"line":118,"column":13},"end":{"line":118,"column":22}},{"start":{"line":118,"column":25},"end":{"line":118,"column":34}}]}},"code":["'use strict';","var _ = require('lodash');","","//MenuItem class","function MenuItem (options) {","  options = _.assign ({name: null, title:null, link:null, roles:null}, options);","  options.name = options.name || (options.link ? options.link.replace('/','_') : undefined) || options.title;","  this.name = options.name;","  this.title = options.title;","  this.link = options.link;","  this.roles = options.roles;","  this.icon = options.icon;","  this.weight = options.weight;","  this.submenus = options.submenus || [];","}","","MenuItem.prototype.strip = function () {","  return {","    name: this.name,","    title:this.title,","    link: this.link,","    roles:this.roles,","    icon: this.icon,","  
[...]
lease ensure mongod is running and restart MEAN app.**');","    }","","    // Register database dependency","    meanioinstance.register('database', {","      connection: database","    });","","    var db_promises = [];","    for (var i in config.dbs) {","      db_promises.push(connectDb(i, config.dbs[i]));","    }","    Q.allSettled(db_promises).then(dataBasesReady.bind(null, defer, database));","  });","}","","function supportDB(Meanio) {","  Meanio.onInstance(onInstance);","","  Meanio.createModels = function () {","    for (var db in lazyModelsMap) {","      for (var model in lazyModelsMap[db]) {","        var rec = lazyModelsMap[db][model];","        //console.log('for db', db,' model ',model, 'is about to be created:',rec);","        var s = new Schema(rec.fields, rec.options);","        s.methods = rec.methods;","        s.statics = rec.statics;","        rec.virtual.forEach(bindVirtuals.bind(null, s));","        rec.pre.forEach(bindHook.bind(null, s, 'pre'));","        rec.post.forEach(bindHook.bind(null, s, 'post'));","        rec.indices.forEach(bindIndices.bind(null, s));","        var m = applyModels(s, model, rec.collection, db);","        Meanio.Singleton.events.emit ('lazy_model_ready', {model: m, db: db});","      }","    }","    Meanio.Singleton.events.emit('lazy_models_ready');","  };","","  Meanio.applyModels = function (model_register) {","    for (var i in model_register) {","      var itm = model_register[i];","      if (!itm.schema) {","        throw 'No schema in reqister model request, can not move on ...';","      }","      if (!itm.model) {","        throw 'No model in register model request, can not move on ...';","      }","      if (!itm.dbs || itm.dbs.length === 0) {","        itm.dbs = ['default'];","      }","      if (itm.schema instanceof mongoose.Schema) {","        ///filter out eventual duplicates in dbs array and nonexisting aliases as well","        _.uniq(itm.dbs.filter(filterDBAliases)).forEach(applyModels.bind(null, itm.schema, itm.model, itm.collection));","        continue;","      }","","      //ok, now form structures for lazy model creation","      itm.dbs.forEach( createModelStructure.bind(null, itm.schema, itm.model, itm.collection) );","    }","  };","}","module.exports = supportDB;",""],"l":{"3":1,"8":1,"10":1,"11":0,"14":1,"15":0,"16":0,"19":1,"20":0,"21":0,"22":0,"23":0,"24":0,"27":1,"28":0,"31":1,"32":0,"35":1,"36":0,"37":0,"38":0,"39":0,"41":0,"42":0,"43":0,"45":0,"48":0,"49":0,"52":0,"55":1,"57":1,"58":0,"59":0,"60":0,"62":0,"63":0,"64":0,"65":0,"66":0,"68":0,"69":0,"70":0,"71":0,"74":1,"75":0,"77":1,"78":0,"79":0,"80":0,"81":0,"82":0,"86":1,"87":0,"88":0,"89":0,"93":1,"94":1,"95":1,"96":1,"97":1,"98":1,"99":1,"103":0,"107":0,"108":0,"109":0,"111":0,"115":1,"116":1,"118":1,"119":0,"120":0,"121":0,"123":0,"124":0,"125":0,"126":0,"127":0,"128":0,"129":0,"130":0,"131":0,"134":0,"137":1,"138":0,"139":0,"140":0,"141":0,"143":0,"144":0,"146":0,"147":0,"149":0,"151":0,"152":0,"156":0,"160":1}},"/home/travis/build/npmtest/node-npmtest-meanio/node_modules/meanio/lib/core_modules/server/index.js":{"path":"/home/travis/build/npmtest/node-npmtest-meanio/node_modules/meanio/lib/core_modules/server/index.js","s":{"1":1,"2":1,"3":0,"4":1,"5":0,"6":0,"7":0,"8":1,"9":0,"10":0,"11":0,"12":0,"13":0,"14":0,"15":1,"16":1,"17":1,"18":1,"19":0,"20":0,"21":0,"22":0,"23":0,"24":0,"25":0,"26":0,"27":0,"28":0,"29":0,"30":0,"31":0,"32":0,"33":0,"34":0,"35":0,"36":0,"37":1,"38":1,"39":1,"40":1},"b":{"1":[0,0],"2":[0,0],"3":[0,0],"4":[0,0],"5":[0,0],"6":[0,0]},"f":{"1":0,"2":0,"3":0,"4":1,"5":0,"6":0,"7":0,"8":0,"9":0,"10":0,"11":1},"fnMap":{"1":{"name":"serveReady","line":8,"loc":{"start":{"line":8,"column":0},"end":{"line":8,"column":36}}},"2":{"name":"serveWithDb","line":12,"loc":{"start":{"line":12,"column":0},"end":{"line":12,"column":46}}},"3":{"name":"genericServe","line":18,"loc":{"start":{"line":18,"column":0},"end":{"line":18,"column":49}}},"4":{"name":"onInstance","line":29,"loc":{"start":{"line":29,"column":0},"end":{"line":29,"column":48}}},"5":{"name":"(anonymous_5)","line":38,"loc":{"start":{"line":38,"column":9},"end":{"line":38,"column":39}}},"6":{"name":"(anonymous_6)","line":44,"loc":{"start":{"line":44,"column":29},"end":{"line":44,"column":44}}},"7":{"name":"(anonymous_7)","line":54,"loc":{"start":{"line":54,"column":12},"end":{"line":54,"column":37}}},"8":{"name":"(anonymous_8)","line":59,"loc":{"start":{"line":59,"column":11},"end":{"line":59,"column":36}}},"9":{"name":"(anonymous_9)","line":64,"loc":{"start":{"line":64,"column":11},"end":{"line":64,"column":53}}},"10":{"name":"(anonymous_10)","line":66,"loc":{"start":{"line":66,"column":8},"end":{"line":66,"column":19}}},"11":{"name":"supportServer","line":82,"loc":{"start":{"line":82,"column":0},"end":{"line":82,"column":30}}}},"statementMap":{"1":{"start":{"line":3,"column":0},"end":{"line":5,"column":37}},"2":{"start":{"line":8,"column":0},"end":{"line":10,"column":1}},"3":{"start":{"line":9,"column":2},"end":{"line":9,"column":48}},"4":{"start":{"line":12,"column":0},"end":{"line":16,"column":1}},"5":{"start":{"line":13,"column":2},"end":{"line":13,"column":100}},"6":{"start":{"line":14,"column":2},"end":{"line":14,"column":40}},"7":{"start":{"line":15,"column":2},"end":{"line":15,"column":75}},"8":{"start":{"line":18,"column":0},"end":{"line":26,"column":1}},"9":{"start":{"line":19,"column":2},"end":{"line":22,"column":3}},"10":{"start":{"line":20,"column":4},"end":{"line":20,"column":19}},"11":{"start":{"line":21,"column":4},"end":{"line":21,"column":11}},"12":{"start":{"line":23,"column":2},"end":{"line":23,"column":37}},"13":{"start":{"line":24,"column":2},"end":{"line":24,"column":33}},"14":{"start":{"line":25,"column":2},"end":{"line":25,"column":66}},"15":{"start":{"line":29,"column":0},"end":{"line":80,"column":1}},"16":{"start":{"line":30,"column":2},"end":{"line":30,"column":68}},"17":{"start":{"line":31,"column":2},"end":{"line":34,"column":4}},"18":{"start":{"line":36,"column":2},"end":{"line":77,"column":4}},"19":{"start":{"line":39,"column":6},"end":{"line":42,"column":9}},"20":{"start":{"line":43,"column":6},"end":{"line":43,"column":31}},"21":{"start":{"line":44,"column":6},"end":{"line":51,"column":9}},"22":{"start":{"line":45,"column":8},"end":{"line":49,"column":9}},"23":{"start":{"line":46,"column":10},"end":{"line":46,"column":26}},"24":{"start":{"line":48,"column":10},"end":{"line":48,"column":26}},"25":{"start":{"line":50,"column":8},"end":{"line":50,"column":37}},"26":{"start":{"line":55,"column":6},"end":{"line":55,"column":51}},"27":{"start":{"line":55,"column":37},"end":{"line":55,"column":51}},"28":{"start":{"line":56,"column":6},"end":{"line":56,"column":46}},"29":{"start":{"line":60,"column":6},"end":{"line":60,"column":50}},"30":{"start":{"line":60,"column":36},"end":{"line":60,"column":50}},"31":{"start":{"line":61,"column":6},"end":{"line":61,"column":45}},"32":{"start":{"line":65,"column":6},"end":{"line":73,"column":8}},"33":{"start":{"line":67,"column":10},"end":{"line":71,"column":11}},"34":{"start":{"line":68,"column":12},"end":{"line":68,"column":60}},"35":{"start":{"line":70,"column":12},"end":{"line":70,"column":19}},"36":{"start":{"line":75,"column":6},"end":{"line":75,"column":57}},"37":{"start":{"line":79,"column":2},"end":{"line":79,"column":18}},"38":{"start":{"line":82,"column":0},"end":{"line":84,"column":1}},"39":{"start":{"line":83,"column":2},"end":{"line":83,"column":50}},"40":{"start":{"line":86,"column":0},"end":{"line":86,"column":31}}},"branchMap":{"1":{"line":13,"type":"binary-expr","locations":[{"start":{"line":13,"column":42},"end":{"line":13,"column":67}},{"start":{"line":13,"column":69},"end":{"line":13,"column":98}}]},"2":{"line":19,"type":"if","locations":[{"start":{"line":19,"column":2},"end":{"line":19,"column":2}},{"start":{"line":19,"column":2},"end":{"line":19,"column":2}}]},"3":{"line":45,"type":"if","locations":[{"start":{"line":45,"column":8},"end":{"line":45,"column":8}},{"start":{"line":45,"column":8},"end":{"line":45,"column":8}}]},"4":{"line":55,"type":"if","locations":[{"start":{"line":55,"column":6},"end":{"line":55,"column":6}},{"start":{"line":55,"column":6},"end":{"line":55,"column":6}}]},"5":{"line":60,"type":"if","locations":[{"start":{"line":60,"column":6},"end":{"line":60,"column":6}},{"start":{"line":60,"column":6},"end":{"line":60,"column":6}}]},"6":{"line":67,"type":"if","locations":[{"start":{"line":67,"column":10},"end":{"line":67,"column":10}},{"start":{"line":67,"column":10},"end":{"line":67,"column":10}}]}},"code":["'use strict';","","var   Q = require('q'),","  path = require('path'),","  ServerEngine = require('./engine');","","/* 'hidden methods' of Meanio.prototype */","function serveReady(engine,callback){","  engine.endBootstrap(callback.bind(null,this));","}","","function serveWithDb(Meanio,callback,database){","  var engine = ServerEngine.produceEngine(this.options.serverengine||this.getConfig().serverengine);","  engine.beginBootstrap(this, database);","  Q.all(this.instanceWaitersQ).done(serveReady.bind(this,engine,callback));","}","","function genericServe(Meanio, options, callback) {","  if (this.active){","    callback(this);","    return;","  }","  Meanio.prototype.options = options;","  Meanio.prototype.active = true;","  this.resolve('database',serveWithDb.bind(this,Meanio,callback));","}","/* end of 'hidden methods' of Meanio.prototype */","","function onInstance(Meanio,meanioinstance,defer){","  Meanio.prototype.serve = genericServe.bind(meanioinstance,Meanio);","  var middleware = {","    before: [],","    after: []","  };","  //so tangled up, much spaghetti...","  Meanio.prototype.chainware = {","","    add: function(event, weight, func) {","      middleware[event].splice(weight, 0, {","        weight: weight,","        func: func","      });","      middleware[event].join();","      middleware[event].sort(function(a, b) {","        if (a.weight < b.weight) {","          a.next = b.func;","        } else {","          b.next = a.func;","        }","        return (a.weight - b.weight);","      });","    },","","    before: function(req, res, next) {","      if (!middleware.before.length) return next();","      this.chain('before', 0, req, res, next);","    },","","    after: function(req, res, next) {","      if (!middleware.after.length) return next();","      this.chain('after', 0, req, res, next);","    },","","    chain: function(operator, index, req, res, next) {","      var args = [req, res,","        function() {","          if (middleware[operator][index + 1]) {","            this.chain('before', index + 1, req, res, next);","          } else {","            next();","          }","        }","      ];","","      middleware[operator][index].func.apply(this, args);","    }","  };","","  defer.resolve();","}","","function supportServer(Meanio){","  Meanio.onInstance(onInstance.bind(null,Meanio));","}","","module.exports = supportServer;",""],"l":{"3":1,"8":1,"9":0,"12":1,"13":0,"14":0,"15":0,"18":1,"19":0,"20":0,"21":0,"23":0,"24":0,"25":0,"29":1,"30":1,"31":1,"36":1,"39":0,"43":0,"44":0,"45":0,"46":0,"48":0,"50":0,"55":0,"56":0,"60":0,"61":0,"65":0,"67":0,"68":0,"70":0,"75":0,"79":1,"82":1,"83":1,"86":1}},"/home/travis/build/npmtest/node-npmtest-meanio/node_modules/meanio/lib/core_modules/server/engine.js":{"path":"/home/travis/build/npmtest/node-npmtest-meanio/node_modules/meanio/lib/core_modules/server/engine.js","s":{"1":1,"2":1,"3":0,"4":1,"5":1,"6":1,"7":1,"8":0,"9":0,"10":0,"11":0,"12":0,"13":0,"14":1},"b":{"1":[0,0],"2":[0,0]},"f":{"1":0,"2":0,"3":0,"4":0,"5":0,"6":0},"fnMap":{"1":{"name":"ServerEngine","line":1,"loc":{"start":{"line":1,"column":0},"end":{"line":1,"column":23}}},"2":{"name":"(anonymous_2)","line":3,"loc":{"start":{"line":3,"column":30},"end":{"line":3,"column":40}}},"3":{"name":"(anonymous_3)","line":6,"loc":{"start":{"line":6,"column":33},"end":{"line":6,"column":43}}},"4":{"name":"(anonymous_4)","line":8,"loc":{"start":{"line":8,"column":40},"end":{"line":8,"column":74}}},"5":{"name":"(anonymous_5)","line":10,"loc":{"start":{"line":10,"column":38},"end":{"line":10,"column":56}}},"6":{"name":"(anonymous_6)","line":12,"loc":{"start":{"line":12,"column":29},"end":{"line":12,"column":49}}}},"statementMap":{"1":{"start":{"line":1,"column":0},"end":{"line":2,"column":1}},"2":{"start":{"line":3,"column":0},"end":{"line":5,"column":2}},"3":{"start":{"line":4,"column":2},"end":{"line":4,"column":30}},"4":{"start":{"line":6,"column":0},"end":{"line":7,"column":2}},"5":{"start":{"line":8,"column":0},"end":{"line":9,"column":2}},"6":{"start":{"line":10,"column":0},"end":{"line":11,"column":2}},"7":{"start":{"line":12,"column":0},"end":{"line":22,"column":2}},"8":{"start":{"line":13,"column":2},"end":{"line":13,"column":13}},"9":{"start":{"line":14,"column":2},"end":{"line":20,"column":3}},"10":{"start":{"line":16,"column":6},"end":{"line":16,"column":50}},"11":{"start":{"line":17,"column":6},"end":{"line":17,"column":12}},"12":{"start":{"line":19,"column":6},"end":{"line":19,"column":57}},"13":{"start":{"line":21,"column":2},"end":{"line":21,"column":16}},"14":{"start":{"line":24,"column":0},"end":{"line":24,"column":30}}},"branchMap":{"1":{"line":14,"type":"switch","locations":[{"start":{"line":15,"column":4},"end":{"line":17,"column":12}},{"start":{"line":18,"column":4},"end":{"line":19,"column":57}}]},"2":{"line":14,"type":"binary-expr","locations":[{"start":{"line":14,"column":9},"end":{"line":14,"column":19}},{"start":{"line":14,"column":23},"end":{"line":14,"column":32}}]}},"code":["function ServerEngine(){","}","ServerEngine.prototype.name = function(){","  return 'null server engine';","};","ServerEngine.prototype.destroy = function(){","};","ServerEngine.prototype.beginBootstrap = function(meanioinstance, database){","};","ServerEngine.prototype.endBootstrap = function(callback){","};","ServerEngine.produceEngine = function(enginename){","  var engine;","  switch(enginename || 'express'){","    case 'express':","      engine = new (require('./ExpressEngine'))();","      break;","    default:","      throw 'Server Engine '+enginename+' not supported';","  }","  return engine;","};","","module.exports = ServerEngine;",""],"l":{"1":1,"3":1,"4":0,"6":1,"8":1,"10":1,"12":1,"13":0,"14":0,"16":0,"17":0,"19":0,"21":0,"24":1}},"/home/travis/build/npmtest/node-npmtest-meanio/node_modules/meanio/gulpfile.js":{"path":"/home/travis/build/npmtest/node-npmtest-meanio/node_modules/meanio/gulpfile.js","s":{"1":2,"2":0,"3":0,"4":0,"5":0},"b":{},"f":{"1":0},"fnMap":{"1":{"name":"(anonymous_1)","line":4,"loc":{"start":{"line":4,"column":18},"end":{"line":4,"column":28}}}},"statementMap":{"1":{"start":{"line":1,"column":0},"end":{"line":2,"column":32}},"2":{"start":{"line":4,"column":0},"end":{"line":10,"column":3}},"3":{"start":{"line":5,"column":2},"end":{"line":5,"column":32}},"4":{"start":{"line":6,"column":2},"end":{"line":6,"column":48}},"5":{"start":{"line":8,"column":2},"end":{"line":9,"column":19}}},"branchMap":{},"code":["var gulp = require('gulp'),","  mocha = require('gulp-mocha');","","gulp.task('test', function(){","  process.env.NODE_ENV = \"test\";","  process.env.NODE_CONFIG_DIR = './test/config';","","  return gulp.src('./test/**/*.spec.js', {read: false})","    .pipe(mocha());","});"],"l":{"1":2,"4":0,"5":0,"6":0,"8":0}},"/home/travis/build/npmtest/node-npmtest-meanio/node_modules/meanio/lib/platform.js":{"path":"/home/travis/build/npmtest/node-npmtest-meanio/node_modules/meanio/lib/platform.js","s":{"1":1,"2":1,"3":0,"4":1,"5":0,"6":1,"7":0,"8":1,"9":0},"b":{},"f":{"1":0,"2":0,"3":0,"4":0,"5":0},"fnMap":{"1":{"name":"(anonymous_1)","line":3,"loc":{"start":{"line":3,"column":15},"end":{"line":3,"column":26}}},"2":{"name":"(anonymous_2)","line":6,"loc":{"start":{"line":6,"column":17},"end":{"line":6,"column":28}}},"3":{"name":"(anonymous_3)","line":11,"loc":{"start":{"line":11,"column":17},"end":{"line":11,"column":28}}},"4":{"name":"(anonymous_4)","line":15,"loc":{"start":{"line":15,"column":19},"end":{"line":15,"column":30}}},"5":{"name":"(anonymous_5)","line":19,"loc":{"start":{"line":19,"column":17},"end":{"line":19,"column":34}}}},"statementMap":{"1":{"start":{"line":3,"column":0},"end":{"line":4,"column":2}},"2":{"start":{"line":6,"column":0},"end":{"line":9,"column":2}},"3":{"start":{"line":8,"column":2},"end":{"line":8,"column":38}},"4":{"start":{"line":11,"column":0},"end":{"line":13,"column":2}},"5":{"start":{"line":12,"column":2},"end":{"line":12,"column":39}},"6":{"start":{"line":15,"column":0},"end":{"line":17,"column":2}},"7":{"start":{"line":16,"column":2},"end":{"line":16,"column":38}},"8":{"start":{"line":19,"column":0},"end":{"line":21,"column":2}},"9":{"start":{"line":20,"column":2},"end":{"line":20,"column":39}}},"branchMap":{},"code":["'use strict';","","var Platform = function() {","};","","Platform.isWin = function() {","  //its always win32 even if its a x64 system","  return process.platform === 'win32';","};","","Platform.isMac = function() {","  return process.platform === 'darwin';","};","","Platform.isLinux = function() {","  return process.platform === 'linux';","};","","module.exports = function(Meanio) {","  Meanio.prototype.platform = Platform;","};",""],"l":{"3":1,"6":1,"8":0,"11":1,"12":0,"15":1,"16":0,"19":1,"20":0}},"/home/travis/build/npmtest/node-npmtest-meanio/node_modules/meanio/resources/web-bootstrap.js":{"path":"/home/travis/build/npmtest/node-npmtest-meanio/node_modules/meanio/resources/web-bootstrap.js","s":{"1":2,"2":0,"3":0,"4":0,"5":1,"6":0,"7":0,"8":0,"9":0,"10":0,"11":0,"12":0,"13":0},"b":{"1":[0,0],"2":[0,0]},"f":{"1":0,"2":0},"fnMap":{"1":{"name":"(anonymous_1)","line":4,"loc":{"start":{"line":4,"column":32},"end":{"line":4,"column":43}}},"2":{"name":"processModules","line":13,"loc":{"start":{"line":13,"column":0},"end":{"line":13,"column":33}}}},"statementMap":{"1":{"start":{"line":4,"column":0},"end":{"line":11,"column":3}},"2":{"start":{"line":6,"column":2},"end":{"line":6,"column":67}},"3":{"start":{"line":6,"column":39},"end":{"line":6,"column":67}},"4":{"start":{"line":9,"column":2},"end":{"line":9,"column":40}},"5":{"start":{"line":13,"column":0},"end":{"line":23,"column":1}},"6":{"start":{"line":14,"column":2},"end":{"line":14,"column":112}},"7":{"start":{"line":15,"column":2},"end":{"line":20,"column":3}},"8":{"start":{"line":16,"column":4},"end":{"line":16,"column":23}},"9":{"start":{"line":17,"column":4},"end":{"line":17,"column":24}},"10":{"start":{"line":18,"column":4},"end":{"line":18,"column":52}},"11":{"start":{"line":19,"column":4},"end":{"line":19,"column":28}},"12":{"start":{"line":22,"column":2},"end":{"line":22,"column":41}},"13":{"start":{"line":25,"column":0},"end":{"line":29,"column":3}}},"branchMap":{"1":{"line":6,"type":"if","locations":[{"start":{"line":6,"column":2},"end":{"line":6,"column":2}},{"start":{"line":6,"column":2},"end":{"line":6,"column":2}}]},"2":{"line":18,"type":"binary-expr","locations":[{"start":{"line":18,"column":23},"end":{"line":18,"column":44}},{"start":{"line":18,"column":48},"end":{"line":18,"column":50}}]}},"code":["'use strict';","/* global jQuery:true */","","angular.element(document).ready(function() {","  //Fixing facebook bug with redirect","  if (window.location.hash === '#_=_') window.location.hash = '#!';","","  //Then init the app","  angular.bootstrap(document, ['mean']);","","});","","function processModules(modules) {","  var packageModules = ['ngCookies', 'ngResource', 'ui.bootstrap', 'ui.router', 'ui.select', 'ngSanitize'],m,mn;","  for (var index in modules) {","    m = modules[index];","    mn = 'mean.'+m.name;","    angular.module(mn, m.angularDependencies || []);","    packageModules.push(mn);","  }","","  angular.module('mean', packageModules);","}","","jQuery.ajax('/_getModules', {","  dataType: 'json',","  async:false,","  success: processModules","});","",""],"l":{"4":2,"6":0,"9":0,"13":1,"14":0,"15":0,"16":0,"17":0,"18":0,"19":0,"22":0,"25":0}}}